#
# A fatal error has been detected by the Java Runtime Environment:
#
#  EXCEPTION_UNCAUGHT_CXX_EXCEPTION (0xe06d7363) at pc=0x00007ffe3ccd4f69, pid=9144, tid=4236
#
# JRE version: OpenJDK Runtime Environment (14.0.2+12) (build 14.0.2+12-46)
# Java VM: OpenJDK 64-Bit Server VM (14.0.2+12-46, mixed mode, tiered, compressed oops, g1 gc, windows-amd64)
# Problematic frame:
# C  [KERNELBASE.dll+0x34f69]
#
# No core dump will be written. Minidumps are not enabled by default on client versions of Windows
#
# If you would like to submit a bug report, please visit:
#   https://bugreport.java.com/bugreport/crash.jsp
#

---------------  S U M M A R Y ------------

Command Line: -XX:+ShowCodeDetailsInExceptionMessages -agentlib:jdwp=transport=dt_socket,suspend=y,address=localhost:50249 -javaagent:C:\Users\MyPC\eclipse\java-2020-09\eclipse\configuration\org.eclipse.osgi\215\0\.cp\lib\javaagent-shaded.jar -Dfile.encoding=Cp1252 CuoiKhoa.robot

Host: Intel(R) Core(TM) i5-9300H CPU @ 2.40GHz, 8 cores, 7G,  Windows 10 , 64 bit Build 19041 (10.0.19041.1645)
Time: Wed May 11 10:18:17 2022 SE Asia Standard Time elapsed time: 5223 seconds (0d 1h 27m 3s)

---------------  T H R E A D  ---------------

Current thread (0x0000028863dd1000):  JavaThread "AWT-EventQueue-0" [_thread_in_vm, id=4236, stack(0x000000c028500000,0x000000c028600000)]

Stack: [0x000000c028500000,0x000000c028600000],  sp=0x000000c0285fe440,  free space=1017k
Native frames: (J=compiled Java code, j=interpreted, Vv=VM code, C=native code)
C  [KERNELBASE.dll+0x34f69]
C  [VCRUNTIME140.dll+0x485d]
C  [jimage.dll+0x36e3]
C  [jimage.dll+0x2a45]
C  [jimage.dll+0x146b]
C  [jimage.dll+0x1ec7]
C  [jimage.dll+0x1f5e]
C  [jimage.dll+0x2696]
V  [jvm.dll+0x1c390b]
V  [jvm.dll+0x1c25b0]
V  [jvm.dll+0x6cbe9a]
V  [jvm.dll+0x6cd469]
V  [jvm.dll+0x6cd97d]
V  [jvm.dll+0x6cd7c3]
V  [jvm.dll+0x206e08]
V  [jvm.dll+0x207062]
V  [jvm.dll+0x4ed7e8]
V  [jvm.dll+0x4f016d]
V  [jvm.dll+0x33ac33]
V  [jvm.dll+0x33a1ff]
C  0x000002884c28dcf8

Java frames: (J=compiled Java code, j=interpreted, Vv=VM code)
j  java.util.concurrent.locks.AbstractQueuedSynchronizer$ConditionObject.await()V+89 java.base@14.0.2
j  java.awt.EventQueue.getNextEvent()Ljava/awt/AWTEvent;+52 java.desktop@14.0.2
j  java.awt.EventDispatchThread.pumpOneEventForFilters(I)V+20 java.desktop@14.0.2
j  java.awt.EventDispatchThread.pumpEventsForFilter(ILjava/awt/Conditional;Ljava/awt/EventFilter;)V+35 java.desktop@14.0.2
j  java.awt.EventDispatchThread.pumpEventsForHierarchy(ILjava/awt/Conditional;Ljava/awt/Component;)V+11 java.desktop@14.0.2
j  java.awt.EventDispatchThread.pumpEvents(ILjava/awt/Conditional;)V+4 java.desktop@14.0.2
j  java.awt.EventDispatchThread.pumpEvents(Ljava/awt/Conditional;)V+3 java.desktop@14.0.2
j  java.awt.EventDispatchThread.run()V+9 java.desktop@14.0.2
v  ~StubRoutines::call_stub

siginfo: EXCEPTION_UNCAUGHT_CXX_EXCEPTION (0xe06d7363), ExceptionInformation=0x0000000019930520 0x000000c0285fe5b0 0x00007ffe373f50a8 0x00007ffe373f0000 


Register to memory mapping:

RIP=0x00007ffe3ccd4f69 KERNELBASE.dll
RAX=0x000000000000011d is an unknown value
RBX=0x00007ffe373f50a8 jimage.dll
RCX=0x000000c0285fdd00 is pointing into the stack for thread: 0x0000028863dd1000
RDX=0x00007ffdd73440a9 jvm.dll
RSP=0x000000c0285fe440 is pointing into the stack for thread: 0x0000028863dd1000
RBP=0x000000c0285fe580 is pointing into the stack for thread: 0x0000028863dd1000
RSI=0x000002884982b3fe points into unknown readable memory: fa fa
RDI=0x000000c0285fe5b0 is pointing into the stack for thread: 0x0000028863dd1000
R8 =0x0000028863dd1000 is a thread
R9 =0x0000000000000028 is an unknown value
R10=0x000000000000000e is an unknown value
R11=0x0 is NULL
R12=0x0000000000009508 is an unknown value
R13=0x000002884858d480 points into unknown readable memory: 58 2d 7e d7 fd 7f 00 00
R14=0x0000028863e1c870 points into unknown readable memory: f0 5a 76 d7 fd 7f 00 00
R15=0x0000028863e1c870 points into unknown readable memory: f0 5a 76 d7 fd 7f 00 00


Registers:
RAX=0x000000000000011d, RBX=0x00007ffe373f50a8, RCX=0x000000c0285fdd00, RDX=0x00007ffdd73440a9
RSP=0x000000c0285fe440, RBP=0x000000c0285fe580, RSI=0x000002884982b3fe, RDI=0x000000c0285fe5b0
R8 =0x0000028863dd1000, R9 =0x0000000000000028, R10=0x000000000000000e, R11=0x0000000000000000
R12=0x0000000000009508, R13=0x000002884858d480, R14=0x0000028863e1c870, R15=0x0000028863e1c870
RIP=0x00007ffe3ccd4f69, EFLAGS=0x0000000000000202

Top of Stack: (sp=0x000000c0285fe440)
0x000000c0285fe440:   0000b8e2caa3f863 00007ffe373f50a8
0x000000c0285fe450:   000002884982b3fe 00007ffe3d13f540
0x000000c0285fe460:   00000001e06d7363 0000000000000000
0x000000c0285fe470:   00007ffe3ccd4f69 000000c000000004
0x000000c0285fe480:   0000000019930520 000000c0285fe5b0
0x000000c0285fe490:   00007ffe373f50a8 00007ffe373f0000
0x000000c0285fe4a0:   000002884858d480 0000000000009508
0x000000c0285fe4b0:   000002884982b3fe 000000c0285fe580
0x000000c0285fe4c0:   000000c0285fe590 00007ffe3f124a5f
0x000000c0285fe4d0:   000000c0285fe5b0 000000c000000000
0x000000c0285fe4e0:   00007ffe3d13f540 00007ffe3d13f540
0x000000c0285fe4f0:   00007ffe373f7000 00007ffe373f0000
0x000000c0285fe500:   0000b40adc45aa8e 000000c0285fe540
0x000000c0285fe510:   00007ffe373f50a8 00007ffe1575485d
0x000000c0285fe520:   000000c0285fe6e0 00007ffe023d1d40
0x000000c0285fe530:   0000000000000000 0000000000000004 

Instructions: (pc=0x00007ffe3ccd4f69)
0x00007ffe3ccd4e69:   d8 21 00 00 41 0f 44 c0 89 43 24 8b 41 18 89 43
0x00007ffe3ccd4e79:   28 65 48 8b 04 25 60 00 00 00 48 8b 48 20 39 79
0x00007ffe3ccd4e89:   08 7c 36 41 b9 40 00 00 00 48 89 7c 24 20 4c 8d
0x00007ffe3ccd4e99:   44 24 30 48 83 c9 ff 41 8d 51 e5 48 ff 15 fd 9e
0x00007ffe3ccd4ea9:   18 00 0f 1f 44 00 00 85 c0 0f 88 5f f1 06 00 81
0x00007ffe3ccd4eb9:   7c 24 54 33 00 03 00 72 0f 48 8b 9c 24 80 00 00
0x00007ffe3ccd4ec9:   00 48 83 c4 70 5f c3 cc 89 7b 2c eb ec cc cc cc
0x00007ffe3ccd4ed9:   cc cc cc cc cc cc cc 65 48 8b 04 25 30 00 00 00
0x00007ffe3ccd4ee9:   8b 40 68 c3 cc cc cc cc cc cc cc cc cc cc cc cc
0x00007ffe3ccd4ef9:   cc cc cc cc cc cc cc 48 81 ec d8 00 00 00 48 8b
0x00007ffe3ccd4f09:   05 62 5f 25 00 48 33 c4 48 89 84 24 c0 00 00 00
0x00007ffe3ccd4f19:   48 83 64 24 28 00 48 8d 05 da ff ff ff 83 e2 01
0x00007ffe3ccd4f29:   89 4c 24 20 89 54 24 24 48 89 44 24 30 4d 85 c9
0x00007ffe3ccd4f39:   74 4c b8 0f 00 00 00 48 8d 4c 24 40 44 3b c0 49
0x00007ffe3ccd4f49:   8b d1 44 0f 47 c0 44 89 44 24 38 49 c1 e0 03 e8
0x00007ffe3ccd4f59:   fa d6 05 00 48 8d 4c 24 20 48 ff 15 1f 9f 18 00
0x00007ffe3ccd4f69:   0f 1f 44 00 00 48 8b 8c 24 c0 00 00 00 48 33 cc
0x00007ffe3ccd4f79:   e8 22 98 05 00 48 81 c4 d8 00 00 00 c3 cc 83 64
0x00007ffe3ccd4f89:   24 38 00 eb cf cc cc cc cc cc cc cc cc cc cc cc
0x00007ffe3ccd4f99:   cc cc cc cc cc cc cc 40 53 48 83 ec 30 48 8b d1
0x00007ffe3ccd4fa9:   48 8d 4c 24 20 e8 e5 cc ff ff 85 c0 74 26 48 8b
0x00007ffe3ccd4fb9:   4c 24 28 e8 8f 6f ff ff 48 8d 4c 24 20 8b d8 48
0x00007ffe3ccd4fc9:   ff 15 11 97 18 00 0f 1f 44 00 00 8b c3 48 83 c4
0x00007ffe3ccd4fd9:   30 5b c3 cc 83 c8 ff eb f4 cc cc cc cc cc cc cc
0x00007ffe3ccd4fe9:   cc cc cc cc cc cc cc 48 8b c4 48 89 58 10 48 89
0x00007ffe3ccd4ff9:   70 18 57 48 83 ec 60 0f 57 c0 0f 11 40 b8 48 8d
0x00007ffe3ccd5009:   35 32 f7 18 00 33 db 48 85 c9 48 0f 45 f1 48 8b
0x00007ffe3ccd5019:   d6 48 8d 48 c8 48 ff 15 43 9d 18 00 0f 1f 44 00
0x00007ffe3ccd5029:   00 8b f8 89 44 24 70 85 c0 78 1f 41 b0 01 48 8d
0x00007ffe3ccd5039:   54 24 30 48 8d 4c 24 20 48 ff 15 c0 96 18 00 0f
0x00007ffe3ccd5049:   1f 44 00 00 8b f8 89 44 24 70 85 ff 0f 88 c9 ef
0x00007ffe3ccd5059:   06 00 48 83 c8 ff 48 8b c8 48 ff c1 66 39 1c 4e 


Stack slot to memory mapping:
stack at sp + 0 slots: 0x0000b8e2caa3f863 is an unknown value
stack at sp + 1 slots: 0x00007ffe373f50a8 jimage.dll
stack at sp + 2 slots: 0x000002884982b3fe points into unknown readable memory: fa fa
stack at sp + 3 slots: 0x00007ffe3d13f540 ucrtbase.dll
stack at sp + 4 slots: 0x00000001e06d7363 is an unknown value
stack at sp + 5 slots: 0x0 is NULL
stack at sp + 6 slots: 0x00007ffe3ccd4f69 KERNELBASE.dll
stack at sp + 7 slots: 0x000000c000000004 is an unknown value


---------------  P R O C E S S  ---------------

Threads class SMR info:
_java_thread_list=0x0000028863dc3d50, length=18, elements={
0x000002884858b800, 0x0000028862ade800, 0x00000288632ec800, 0x0000028863326800,
0x0000028863329800, 0x000002886330c800, 0x0000028863312800, 0x0000028863313800,
0x0000028863349800, 0x000002886346e800, 0x00000288635b8800, 0x00000288635f4000,
0x00000288635f4800, 0x0000028863b5e800, 0x0000028863c73000, 0x0000028863d94800,
0x0000028863dc0000, 0x0000028863dd1000
}

Java Threads: ( => current thread )
  0x000002884858b800 JavaThread "main" [_thread_blocked, id=7780, stack(0x000000c028700000,0x000000c028800000)]
  0x0000028862ade800 JavaThread "Reference Handler" daemon [_thread_blocked, id=6376, stack(0x000000c028e00000,0x000000c028f00000)]
  0x00000288632ec800 JavaThread "Finalizer" daemon [_thread_blocked, id=7660, stack(0x000000c028f00000,0x000000c029000000)]
  0x0000028863326800 JavaThread "Signal Dispatcher" daemon [_thread_blocked, id=10984, stack(0x000000c029000000,0x000000c029100000)]
  0x0000028863329800 JavaThread "Attach Listener" daemon [_thread_blocked, id=15808, stack(0x000000c029100000,0x000000c029200000)]
  0x000002886330c800 JavaThread "Service Thread" daemon [_thread_blocked, id=10944, stack(0x000000c029200000,0x000000c029300000)]
  0x0000028863312800 JavaThread "C2 CompilerThread0" daemon [_thread_blocked, id=10976, stack(0x000000c029300000,0x000000c029400000)]
  0x0000028863313800 JavaThread "C1 CompilerThread0" daemon [_thread_blocked, id=15456, stack(0x000000c029400000,0x000000c029500000)]
  0x0000028863349800 JavaThread "Sweeper thread" daemon [_thread_blocked, id=15812, stack(0x000000c029500000,0x000000c029600000)]
  0x000002886346e800 JavaThread "Common-Cleaner" daemon [_thread_blocked, id=9588, stack(0x000000c029600000,0x000000c029700000)]
  0x00000288635b8800 JavaThread "JDWP Transport Listener: dt_socket" daemon [_thread_blocked, id=7228, stack(0x000000c029800000,0x000000c029900000)]
  0x00000288635f4000 JavaThread "JDWP Event Helper Thread" daemon [_thread_blocked, id=332, stack(0x000000c029900000,0x000000c029a00000)]
  0x00000288635f4800 JavaThread "JDWP Command Reader" daemon [_thread_in_native, id=15008, stack(0x000000c029a00000,0x000000c029b00000)]
  0x0000028863b5e800 JavaThread "Notification Thread" daemon [_thread_blocked, id=15468, stack(0x000000c029700000,0x000000c029800000)]
  0x0000028863c73000 JavaThread "Java2D Disposer" daemon [_thread_blocked, id=2848, stack(0x000000c029c00000,0x000000c029d00000)]
  0x0000028863d94800 JavaThread "AWT-Windows" daemon [_thread_in_native, id=16160, stack(0x000000c029e00000,0x000000c029f00000)]
  0x0000028863dc0000 JavaThread "AWT-Shutdown" [_thread_blocked, id=17908, stack(0x000000c028400000,0x000000c028500000)]
=>0x0000028863dd1000 JavaThread "AWT-EventQueue-0" [_thread_in_vm, id=4236, stack(0x000000c028500000,0x000000c028600000)]

Other Threads:
  0x0000028862acb000 VMThread "VM Thread" [stack: 0x000000c028d00000,0x000000c028e00000] [id=7032]
  0x0000028863b5f000 WatcherThread [stack: 0x000000c029b00000,0x000000c029c00000] [id=15644]
  0x00000288485cd000 GCTaskThread "GC Thread#0" [stack: 0x000000c028800000,0x000000c028900000] [id=10812]
  0x00000288485e0800 ConcurrentGCThread "G1 Main Marker" [stack: 0x000000c028900000,0x000000c028a00000] [id=7160]
  0x00000288485e2000 ConcurrentGCThread "G1 Conc#0" [stack: 0x000000c028a00000,0x000000c028b00000] [id=12748]
  0x000002884866e000 ConcurrentGCThread "G1 Refine#0" [stack: 0x000000c028b00000,0x000000c028c00000] [id=9160]
  0x00000288628f2800 ConcurrentGCThread "G1 Young RemSet Sampling" [stack: 0x000000c028c00000,0x000000c028d00000] [id=8708]

Threads with active compile tasks:

VM state:not at safepoint (normal execution)

VM Mutex/Monitor currently owned by a thread: None

Heap address: 0x0000000082600000, size: 2010 MB, Compressed Oops mode: 32-bit
Narrow klass base: 0x0000000000000000, Narrow klass shift: 3
Compressed class space size: 1073741824 Address: 0x0000000100000000

Heap:
 garbage-first heap   total 129024K, used 19456K [0x0000000082600000, 0x0000000100000000)
  region size 1024K, 15 young (15360K), 0 survivors (0K)
 Metaspace       used 13360K, capacity 13567K, committed 13696K, reserved 1060864K
  class space    used 1266K, capacity 1331K, committed 1408K, reserved 1048576K
Heap Regions: E=young(eden), S=young(survivor), O=old, HS=humongous(starts), HC=humongous(continues), CS=collection set, F=free, OA=open archive, CA=closed archive, TAMS=top-at-mark-start (previous, next)
|   0|0x0000000082600000, 0x0000000082700000, 0x0000000082700000|100%|HS|  |TAMS 0x0000000082600000, 0x0000000082600000| Complete 
|   1|0x0000000082700000, 0x0000000082800000, 0x0000000082800000|100%|HS|  |TAMS 0x0000000082700000, 0x0000000082700000| Complete 
|   2|0x0000000082800000, 0x0000000082900000, 0x0000000082900000|100%|HS|  |TAMS 0x0000000082800000, 0x0000000082800000| Complete 
|   3|0x0000000082900000, 0x0000000082a00000, 0x0000000082a00000|100%|HS|  |TAMS 0x0000000082900000, 0x0000000082900000| Complete 
|   4|0x0000000082a00000, 0x0000000082b00000, 0x0000000082b00000|100%|HC|  |TAMS 0x0000000082a00000, 0x0000000082a00000| Complete 
|   5|0x0000000082b00000, 0x0000000082c00000, 0x0000000082c00000|100%|HC|  |TAMS 0x0000000082b00000, 0x0000000082b00000| Complete 
|   6|0x0000000082c00000, 0x0000000082c00000, 0x0000000082d00000|  0%| F|  |TAMS 0x0000000082c00000, 0x0000000082c00000| Untracked 
|   7|0x0000000082d00000, 0x0000000082d00000, 0x0000000082e00000|  0%| F|  |TAMS 0x0000000082d00000, 0x0000000082d00000| Untracked 
|   8|0x0000000082e00000, 0x0000000082e00000, 0x0000000082f00000|  0%| F|  |TAMS 0x0000000082e00000, 0x0000000082e00000| Untracked 
|   9|0x0000000082f00000, 0x0000000082f00000, 0x0000000083000000|  0%| F|  |TAMS 0x0000000082f00000, 0x0000000082f00000| Untracked 
|  10|0x0000000083000000, 0x0000000083000000, 0x0000000083100000|  0%| F|  |TAMS 0x0000000083000000, 0x0000000083000000| Untracked 
|  11|0x0000000083100000, 0x0000000083100000, 0x0000000083200000|  0%| F|  |TAMS 0x0000000083100000, 0x0000000083100000| Untracked 
|  12|0x0000000083200000, 0x0000000083200000, 0x0000000083300000|  0%| F|  |TAMS 0x0000000083200000, 0x0000000083200000| Untracked 
|  13|0x0000000083300000, 0x0000000083300000, 0x0000000083400000|  0%| F|  |TAMS 0x0000000083300000, 0x0000000083300000| Untracked 
|  14|0x0000000083400000, 0x0000000083400000, 0x0000000083500000|  0%| F|  |TAMS 0x0000000083400000, 0x0000000083400000| Untracked 
|  15|0x0000000083500000, 0x0000000083500000, 0x0000000083600000|  0%| F|  |TAMS 0x0000000083500000, 0x0000000083500000| Untracked 
|  16|0x0000000083600000, 0x0000000083600000, 0x0000000083700000|  0%| F|  |TAMS 0x0000000083600000, 0x0000000083600000| Untracked 
|  17|0x0000000083700000, 0x0000000083700000, 0x0000000083800000|  0%| F|  |TAMS 0x0000000083700000, 0x0000000083700000| Untracked 
|  18|0x0000000083800000, 0x0000000083800000, 0x0000000083900000|  0%| F|  |TAMS 0x0000000083800000, 0x0000000083800000| Untracked 
|  19|0x0000000083900000, 0x0000000083900000, 0x0000000083a00000|  0%| F|  |TAMS 0x0000000083900000, 0x0000000083900000| Untracked 
|  20|0x0000000083a00000, 0x0000000083a00000, 0x0000000083b00000|  0%| F|  |TAMS 0x0000000083a00000, 0x0000000083a00000| Untracked 
|  21|0x0000000083b00000, 0x0000000083b00000, 0x0000000083c00000|  0%| F|  |TAMS 0x0000000083b00000, 0x0000000083b00000| Untracked 
|  22|0x0000000083c00000, 0x0000000083c00000, 0x0000000083d00000|  0%| F|  |TAMS 0x0000000083c00000, 0x0000000083c00000| Untracked 
|  23|0x0000000083d00000, 0x0000000083d00000, 0x0000000083e00000|  0%| F|  |TAMS 0x0000000083d00000, 0x0000000083d00000| Untracked 
|  24|0x0000000083e00000, 0x0000000083e00000, 0x0000000083f00000|  0%| F|  |TAMS 0x0000000083e00000, 0x0000000083e00000| Untracked 
|  25|0x0000000083f00000, 0x0000000083f00000, 0x0000000084000000|  0%| F|  |TAMS 0x0000000083f00000, 0x0000000083f00000| Untracked 
|  26|0x0000000084000000, 0x0000000084000000, 0x0000000084100000|  0%| F|  |TAMS 0x0000000084000000, 0x0000000084000000| Untracked 
|  27|0x0000000084100000, 0x0000000084100000, 0x0000000084200000|  0%| F|  |TAMS 0x0000000084100000, 0x0000000084100000| Untracked 
|  28|0x0000000084200000, 0x0000000084200000, 0x0000000084300000|  0%| F|  |TAMS 0x0000000084200000, 0x0000000084200000| Untracked 
|  29|0x0000000084300000, 0x0000000084300000, 0x0000000084400000|  0%| F|  |TAMS 0x0000000084300000, 0x0000000084300000| Untracked 
|  30|0x0000000084400000, 0x0000000084400000, 0x0000000084500000|  0%| F|  |TAMS 0x0000000084400000, 0x0000000084400000| Untracked 
|  31|0x0000000084500000, 0x0000000084500000, 0x0000000084600000|  0%| F|  |TAMS 0x0000000084500000, 0x0000000084500000| Untracked 
|  32|0x0000000084600000, 0x0000000084600000, 0x0000000084700000|  0%| F|  |TAMS 0x0000000084600000, 0x0000000084600000| Untracked 
|  33|0x0000000084700000, 0x0000000084700000, 0x0000000084800000|  0%| F|  |TAMS 0x0000000084700000, 0x0000000084700000| Untracked 
|  34|0x0000000084800000, 0x0000000084800000, 0x0000000084900000|  0%| F|  |TAMS 0x0000000084800000, 0x0000000084800000| Untracked 
|  35|0x0000000084900000, 0x0000000084900000, 0x0000000084a00000|  0%| F|  |TAMS 0x0000000084900000, 0x0000000084900000| Untracked 
|  36|0x0000000084a00000, 0x0000000084a00000, 0x0000000084b00000|  0%| F|  |TAMS 0x0000000084a00000, 0x0000000084a00000| Untracked 
|  37|0x0000000084b00000, 0x0000000084b00000, 0x0000000084c00000|  0%| F|  |TAMS 0x0000000084b00000, 0x0000000084b00000| Untracked 
|  38|0x0000000084c00000, 0x0000000084c00000, 0x0000000084d00000|  0%| F|  |TAMS 0x0000000084c00000, 0x0000000084c00000| Untracked 
|  39|0x0000000084d00000, 0x0000000084d00000, 0x0000000084e00000|  0%| F|  |TAMS 0x0000000084d00000, 0x0000000084d00000| Untracked 
|  40|0x0000000084e00000, 0x0000000084e00000, 0x0000000084f00000|  0%| F|  |TAMS 0x0000000084e00000, 0x0000000084e00000| Untracked 
|  41|0x0000000084f00000, 0x0000000084f00000, 0x0000000085000000|  0%| F|  |TAMS 0x0000000084f00000, 0x0000000084f00000| Untracked 
|  42|0x0000000085000000, 0x0000000085000000, 0x0000000085100000|  0%| F|  |TAMS 0x0000000085000000, 0x0000000085000000| Untracked 
|  43|0x0000000085100000, 0x0000000085100000, 0x0000000085200000|  0%| F|  |TAMS 0x0000000085100000, 0x0000000085100000| Untracked 
|  44|0x0000000085200000, 0x0000000085200000, 0x0000000085300000|  0%| F|  |TAMS 0x0000000085200000, 0x0000000085200000| Untracked 
|  45|0x0000000085300000, 0x0000000085300000, 0x0000000085400000|  0%| F|  |TAMS 0x0000000085300000, 0x0000000085300000| Untracked 
|  46|0x0000000085400000, 0x0000000085400000, 0x0000000085500000|  0%| F|  |TAMS 0x0000000085400000, 0x0000000085400000| Untracked 
|  47|0x0000000085500000, 0x0000000085500000, 0x0000000085600000|  0%| F|  |TAMS 0x0000000085500000, 0x0000000085500000| Untracked 
|  48|0x0000000085600000, 0x0000000085600000, 0x0000000085700000|  0%| F|  |TAMS 0x0000000085600000, 0x0000000085600000| Untracked 
|  49|0x0000000085700000, 0x0000000085700000, 0x0000000085800000|  0%| F|  |TAMS 0x0000000085700000, 0x0000000085700000| Untracked 
|  50|0x0000000085800000, 0x0000000085800000, 0x0000000085900000|  0%| F|  |TAMS 0x0000000085800000, 0x0000000085800000| Untracked 
|  51|0x0000000085900000, 0x0000000085900000, 0x0000000085a00000|  0%| F|  |TAMS 0x0000000085900000, 0x0000000085900000| Untracked 
|  52|0x0000000085a00000, 0x0000000085a00000, 0x0000000085b00000|  0%| F|  |TAMS 0x0000000085a00000, 0x0000000085a00000| Untracked 
|  53|0x0000000085b00000, 0x0000000085b00000, 0x0000000085c00000|  0%| F|  |TAMS 0x0000000085b00000, 0x0000000085b00000| Untracked 
|  54|0x0000000085c00000, 0x0000000085c00000, 0x0000000085d00000|  0%| F|  |TAMS 0x0000000085c00000, 0x0000000085c00000| Untracked 
|  55|0x0000000085d00000, 0x0000000085d00000, 0x0000000085e00000|  0%| F|  |TAMS 0x0000000085d00000, 0x0000000085d00000| Untracked 
|  56|0x0000000085e00000, 0x0000000085e00000, 0x0000000085f00000|  0%| F|  |TAMS 0x0000000085e00000, 0x0000000085e00000| Untracked 
|  57|0x0000000085f00000, 0x0000000085f00000, 0x0000000086000000|  0%| F|  |TAMS 0x0000000085f00000, 0x0000000085f00000| Untracked 
|  58|0x0000000086000000, 0x0000000086000000, 0x0000000086100000|  0%| F|  |TAMS 0x0000000086000000, 0x0000000086000000| Untracked 
|  59|0x0000000086100000, 0x0000000086100000, 0x0000000086200000|  0%| F|  |TAMS 0x0000000086100000, 0x0000000086100000| Untracked 
|  60|0x0000000086200000, 0x0000000086200000, 0x0000000086300000|  0%| F|  |TAMS 0x0000000086200000, 0x0000000086200000| Untracked 
|  61|0x0000000086300000, 0x0000000086300000, 0x0000000086400000|  0%| F|  |TAMS 0x0000000086300000, 0x0000000086300000| Untracked 
|  62|0x0000000086400000, 0x0000000086400000, 0x0000000086500000|  0%| F|  |TAMS 0x0000000086400000, 0x0000000086400000| Untracked 
|  63|0x0000000086500000, 0x0000000086500000, 0x0000000086600000|  0%| F|  |TAMS 0x0000000086500000, 0x0000000086500000| Untracked 
|  64|0x0000000086600000, 0x0000000086600000, 0x0000000086700000|  0%| F|  |TAMS 0x0000000086600000, 0x0000000086600000| Untracked 
|  65|0x0000000086700000, 0x0000000086700000, 0x0000000086800000|  0%| F|  |TAMS 0x0000000086700000, 0x0000000086700000| Untracked 
|  66|0x0000000086800000, 0x0000000086800000, 0x0000000086900000|  0%| F|  |TAMS 0x0000000086800000, 0x0000000086800000| Untracked 
|  67|0x0000000086900000, 0x0000000086900000, 0x0000000086a00000|  0%| F|  |TAMS 0x0000000086900000, 0x0000000086900000| Untracked 
|  68|0x0000000086a00000, 0x0000000086a00000, 0x0000000086b00000|  0%| F|  |TAMS 0x0000000086a00000, 0x0000000086a00000| Untracked 
|  69|0x0000000086b00000, 0x0000000086b00000, 0x0000000086c00000|  0%| F|  |TAMS 0x0000000086b00000, 0x0000000086b00000| Untracked 
|  70|0x0000000086c00000, 0x0000000086c00000, 0x0000000086d00000|  0%| F|  |TAMS 0x0000000086c00000, 0x0000000086c00000| Untracked 
|  71|0x0000000086d00000, 0x0000000086d00000, 0x0000000086e00000|  0%| F|  |TAMS 0x0000000086d00000, 0x0000000086d00000| Untracked 
|  72|0x0000000086e00000, 0x0000000086e00000, 0x0000000086f00000|  0%| F|  |TAMS 0x0000000086e00000, 0x0000000086e00000| Untracked 
|  73|0x0000000086f00000, 0x0000000086f00000, 0x0000000087000000|  0%| F|  |TAMS 0x0000000086f00000, 0x0000000086f00000| Untracked 
|  74|0x0000000087000000, 0x0000000087000000, 0x0000000087100000|  0%| F|  |TAMS 0x0000000087000000, 0x0000000087000000| Untracked 
|  75|0x0000000087100000, 0x0000000087100000, 0x0000000087200000|  0%| F|  |TAMS 0x0000000087100000, 0x0000000087100000| Untracked 
|  76|0x0000000087200000, 0x0000000087200000, 0x0000000087300000|  0%| F|  |TAMS 0x0000000087200000, 0x0000000087200000| Untracked 
|  77|0x0000000087300000, 0x0000000087300000, 0x0000000087400000|  0%| F|  |TAMS 0x0000000087300000, 0x0000000087300000| Untracked 
|  78|0x0000000087400000, 0x0000000087400000, 0x0000000087500000|  0%| F|  |TAMS 0x0000000087400000, 0x0000000087400000| Untracked 
|  79|0x0000000087500000, 0x0000000087500000, 0x0000000087600000|  0%| F|  |TAMS 0x0000000087500000, 0x0000000087500000| Untracked 
|  80|0x0000000087600000, 0x0000000087600000, 0x0000000087700000|  0%| F|  |TAMS 0x0000000087600000, 0x0000000087600000| Untracked 
|  81|0x0000000087700000, 0x0000000087700000, 0x0000000087800000|  0%| F|  |TAMS 0x0000000087700000, 0x0000000087700000| Untracked 
|  82|0x0000000087800000, 0x0000000087800000, 0x0000000087900000|  0%| F|  |TAMS 0x0000000087800000, 0x0000000087800000| Untracked 
|  83|0x0000000087900000, 0x0000000087900000, 0x0000000087a00000|  0%| F|  |TAMS 0x0000000087900000, 0x0000000087900000| Untracked 
|  84|0x0000000087a00000, 0x0000000087a00000, 0x0000000087b00000|  0%| F|  |TAMS 0x0000000087a00000, 0x0000000087a00000| Untracked 
|  85|0x0000000087b00000, 0x0000000087b00000, 0x0000000087c00000|  0%| F|  |TAMS 0x0000000087b00000, 0x0000000087b00000| Untracked 
|  86|0x0000000087c00000, 0x0000000087c00000, 0x0000000087d00000|  0%| F|  |TAMS 0x0000000087c00000, 0x0000000087c00000| Untracked 
|  87|0x0000000087d00000, 0x0000000087d00000, 0x0000000087e00000|  0%| F|  |TAMS 0x0000000087d00000, 0x0000000087d00000| Untracked 
|  88|0x0000000087e00000, 0x0000000087e00000, 0x0000000087f00000|  0%| F|  |TAMS 0x0000000087e00000, 0x0000000087e00000| Untracked 
|  89|0x0000000087f00000, 0x0000000087f00000, 0x0000000088000000|  0%| F|  |TAMS 0x0000000087f00000, 0x0000000087f00000| Untracked 
|  90|0x0000000088000000, 0x0000000088000000, 0x0000000088100000|  0%| F|  |TAMS 0x0000000088000000, 0x0000000088000000| Untracked 
|  91|0x0000000088100000, 0x0000000088100000, 0x0000000088200000|  0%| F|  |TAMS 0x0000000088100000, 0x0000000088100000| Untracked 
|  92|0x0000000088200000, 0x0000000088200000, 0x0000000088300000|  0%| F|  |TAMS 0x0000000088200000, 0x0000000088200000| Untracked 
|  93|0x0000000088300000, 0x0000000088300000, 0x0000000088400000|  0%| F|  |TAMS 0x0000000088300000, 0x0000000088300000| Untracked 
|  94|0x0000000088400000, 0x0000000088400000, 0x0000000088500000|  0%| F|  |TAMS 0x0000000088400000, 0x0000000088400000| Untracked 
|  95|0x0000000088500000, 0x0000000088500000, 0x0000000088600000|  0%| F|  |TAMS 0x0000000088500000, 0x0000000088500000| Untracked 
|  96|0x0000000088600000, 0x0000000088600000, 0x0000000088700000|  0%| F|  |TAMS 0x0000000088600000, 0x0000000088600000| Untracked 
|  97|0x0000000088700000, 0x0000000088700000, 0x0000000088800000|  0%| F|  |TAMS 0x0000000088700000, 0x0000000088700000| Untracked 
|  98|0x0000000088800000, 0x0000000088800000, 0x0000000088900000|  0%| F|  |TAMS 0x0000000088800000, 0x0000000088800000| Untracked 
|  99|0x0000000088900000, 0x0000000088900000, 0x0000000088a00000|  0%| F|  |TAMS 0x0000000088900000, 0x0000000088900000| Untracked 
| 100|0x0000000088a00000, 0x0000000088a00000, 0x0000000088b00000|  0%| F|  |TAMS 0x0000000088a00000, 0x0000000088a00000| Untracked 
| 101|0x0000000088b00000, 0x0000000088b00000, 0x0000000088c00000|  0%| F|  |TAMS 0x0000000088b00000, 0x0000000088b00000| Untracked 
| 102|0x0000000088c00000, 0x0000000088c00000, 0x0000000088d00000|  0%| F|  |TAMS 0x0000000088c00000, 0x0000000088c00000| Untracked 
| 103|0x0000000088d00000, 0x0000000088d00000, 0x0000000088e00000|  0%| F|  |TAMS 0x0000000088d00000, 0x0000000088d00000| Untracked 
| 104|0x0000000088e00000, 0x0000000088e00000, 0x0000000088f00000|  0%| F|  |TAMS 0x0000000088e00000, 0x0000000088e00000| Untracked 
| 105|0x0000000088f00000, 0x0000000088f00000, 0x0000000089000000|  0%| F|  |TAMS 0x0000000088f00000, 0x0000000088f00000| Untracked 
| 106|0x0000000089000000, 0x0000000089000000, 0x0000000089100000|  0%| F|  |TAMS 0x0000000089000000, 0x0000000089000000| Untracked 
| 107|0x0000000089100000, 0x0000000089100000, 0x0000000089200000|  0%| F|  |TAMS 0x0000000089100000, 0x0000000089100000| Untracked 
| 108|0x0000000089200000, 0x0000000089200000, 0x0000000089300000|  0%| F|  |TAMS 0x0000000089200000, 0x0000000089200000| Untracked 
| 109|0x0000000089300000, 0x0000000089300000, 0x0000000089400000|  0%| F|  |TAMS 0x0000000089300000, 0x0000000089300000| Untracked 
| 110|0x0000000089400000, 0x0000000089400000, 0x0000000089500000|  0%| F|  |TAMS 0x0000000089400000, 0x0000000089400000| Untracked 
| 111|0x0000000089500000, 0x0000000089576bf0, 0x0000000089600000| 46%| E|  |TAMS 0x0000000089500000, 0x0000000089500000| Complete 
| 112|0x0000000089600000, 0x0000000089700000, 0x0000000089700000|100%| E|CS|TAMS 0x0000000089600000, 0x0000000089600000| Complete 
| 113|0x0000000089700000, 0x0000000089800000, 0x0000000089800000|100%| E|CS|TAMS 0x0000000089700000, 0x0000000089700000| Complete 
| 114|0x0000000089800000, 0x0000000089900000, 0x0000000089900000|100%| E|CS|TAMS 0x0000000089800000, 0x0000000089800000| Complete 
| 115|0x0000000089900000, 0x0000000089a00000, 0x0000000089a00000|100%| E|CS|TAMS 0x0000000089900000, 0x0000000089900000| Complete 
| 116|0x0000000089a00000, 0x0000000089b00000, 0x0000000089b00000|100%| E|CS|TAMS 0x0000000089a00000, 0x0000000089a00000| Complete 
| 117|0x0000000089b00000, 0x0000000089c00000, 0x0000000089c00000|100%| E|CS|TAMS 0x0000000089b00000, 0x0000000089b00000| Complete 
| 118|0x0000000089c00000, 0x0000000089d00000, 0x0000000089d00000|100%| E|  |TAMS 0x0000000089c00000, 0x0000000089c00000| Complete 
| 119|0x0000000089d00000, 0x0000000089e00000, 0x0000000089e00000|100%| E|CS|TAMS 0x0000000089d00000, 0x0000000089d00000| Complete 
| 120|0x0000000089e00000, 0x0000000089f00000, 0x0000000089f00000|100%| E|CS|TAMS 0x0000000089e00000, 0x0000000089e00000| Complete 
| 121|0x0000000089f00000, 0x000000008a000000, 0x000000008a000000|100%| E|CS|TAMS 0x0000000089f00000, 0x0000000089f00000| Complete 
| 122|0x000000008a000000, 0x000000008a100000, 0x000000008a100000|100%| E|CS|TAMS 0x000000008a000000, 0x000000008a000000| Complete 
| 123|0x000000008a100000, 0x000000008a200000, 0x000000008a200000|100%| E|CS|TAMS 0x000000008a100000, 0x000000008a100000| Complete 
| 124|0x000000008a200000, 0x000000008a300000, 0x000000008a300000|100%| E|CS|TAMS 0x000000008a200000, 0x000000008a200000| Complete 
| 125|0x000000008a300000, 0x000000008a400000, 0x000000008a400000|100%| E|CS|TAMS 0x000000008a300000, 0x000000008a300000| Complete 

Card table byte_map: [0x000002885b990000,0x000002885bd80000] _byte_map_base: 0x000002885b57d000

Marking Bits (Prev, Next): (CMBitMap*) 0x00000288485ce958, (CMBitMap*) 0x00000288485ce998
 Prev Bits: [0x000002885c170000, 0x000002885e0d8000)
 Next Bits: [0x000002885e0e0000, 0x0000028860048000)

Polling page: 0x00000288464e0000

Metaspace:

Usage:
  Non-class:     11.95 MB capacity,    11.81 MB ( 99%) used,   126.45 KB (  1%) free+waste,    15.69 KB ( <1%) overhead. 
      Class:      1.30 MB capacity,     1.24 MB ( 95%) used,    57.85 KB (  4%) free+waste,     6.44 KB ( <1%) overhead. 
       Both:     13.25 MB capacity,    13.05 MB ( 98%) used,   184.30 KB (  1%) free+waste,    22.13 KB ( <1%) overhead. 

Virtual space:
  Non-class space:       12.00 MB reserved,      12.00 MB (100%) committed 
      Class space:        1.00 GB reserved,       1.38 MB ( <1%) committed 
             Both:        1.01 GB reserved,      13.38 MB (  1%) committed 

Chunk freelists:
   Non-Class:  52.00 KB
       Class:  13.00 KB
        Both:  65.00 KB

MaxMetaspaceSize: 17179869184.00 GB
CompressedClassSpaceSize: 1.00 GB

CodeHeap 'non-profiled nmethods': size=120000Kb used=272Kb max_used=272Kb free=119727Kb
 bounds [0x0000028853d30000, 0x0000028853fa0000, 0x000002885b260000]
CodeHeap 'profiled nmethods': size=120000Kb used=1239Kb max_used=1239Kb free=118760Kb
 bounds [0x000002884c800000, 0x000002884ca70000, 0x0000028853d30000]
CodeHeap 'non-nmethods': size=5760Kb used=1354Kb max_used=1371Kb free=4406Kb
 bounds [0x000002884c260000, 0x000002884c4d0000, 0x000002884c800000]
 total_blobs=1299 nmethods=747 adapters=465
 compilation: enabled
              stopped_count=0, restarted_count=0
 full_count=0

Compilation events (20 events):
Event: 0.831 Thread 0x0000028863313800  732       3       sun.awt.image.IntegerInterleavedRaster::getDataElements (101 bytes)
Event: 0.831 Thread 0x0000028863312800  743       4       java.awt.image.DirectColorModel::getsRGBComponentFromsRGB (107 bytes)
Event: 0.831 Thread 0x0000028863313800 nmethod 732 0x000002884c932790 code [0x000002884c932960, 0x000002884c932e68]
Event: 0.831 Thread 0x0000028863313800  734       3       java.awt.image.DirectColorModel::getRGB (105 bytes)
Event: 0.831 Thread 0x0000028863313800 nmethod 734 0x000002884c933090 code [0x000002884c933320, 0x000002884c9339b8]
Event: 0.831 Thread 0x0000028863313800  735       3       java.awt.image.DirectColorModel::getAlpha (54 bytes)
Event: 0.831 Thread 0x0000028863313800 nmethod 735 0x000002884c933c10 code [0x000002884c933de0, 0x000002884c934078]
Event: 0.831 Thread 0x0000028863313800  736       3       java.awt.image.DirectColorModel::getRed (45 bytes)
Event: 0.831 Thread 0x0000028863313800 nmethod 736 0x000002884c934210 code [0x000002884c934440, 0x000002884c934948]
Event: 0.831 Thread 0x0000028863313800  740       3       java.awt.Color::getRed (12 bytes)
Event: 0.832 Thread 0x0000028863313800 nmethod 740 0x000002884c934b10 code [0x000002884c934ca0, 0x000002884c934db8]
Event: 0.832 Thread 0x0000028863312800 nmethod 743 0x0000028853d71e10 code [0x0000028853d72040, 0x0000028853d723d8]
Event: 613.830 Thread 0x0000028863313800  744       3       org.eclipse.jdt.launching.internal.org.objectweb.asm.SymbolTable::addConstantUtf8 (98 bytes)
Event: 613.830 Thread 0x0000028863313800 nmethod 744 0x000002884c934e90 code [0x000002884c9350c0, 0x000002884c935738]
Event: 2007.117 Thread 0x0000028863312800  745       4       org.eclipse.jdt.launching.internal.org.objectweb.asm.ClassReader::readUtf (161 bytes)
Event: 2007.129 Thread 0x0000028863312800 

Event: 2007.129 Thread 0x0000028863312800  746       4       org.eclipse.jdt.launching.internal.org.objectweb.asm.ClassReader::readUtf (44 bytes)
Event: 2007.145 Thread 0x0000028863312800 nmethod 746 0x0000028853d72590 code [0x0000028853d72840, 0x0000028853d73938]
Event: 5223.555 Thread 0x0000028863313800  747       3       java.lang.invoke.MethodHandles$Lookup::lookupClassOrNull (27 bytes)
Event: 5223.557 Thread 0x0000028863313800 nmethod 747 0x000002884c935b10 code [0x000002884c935ca0, 0x000002884c935e58]

GC Heap History (0 events):
No events

Deoptimization events (20 events):
Event: 0.828 Thread 0x000002884858b800 DEOPT PACKING pc=0x000002884c92b84a sp=0x000000c0287ff1a0
Event: 0.828 Thread 0x000002884858b800 DEOPT UNPACKING pc=0x000002884c2a964e sp=0x000000c0287fe610 mode 0
Event: 0.828 Thread 0x000002884858b800 DEOPT PACKING pc=0x000002884c92b84a sp=0x000000c0287ff1a0
Event: 0.828 Thread 0x000002884858b800 DEOPT UNPACKING pc=0x000002884c2a964e sp=0x000000c0287fe610 mode 0
Event: 0.828 Thread 0x000002884858b800 DEOPT PACKING pc=0x000002884c92b84a sp=0x000000c0287ff1a0
Event: 0.828 Thread 0x000002884858b800 DEOPT UNPACKING pc=0x000002884c2a964e sp=0x000000c0287fe610 mode 0
Event: 0.829 Thread 0x000002884858b800 DEOPT PACKING pc=0x000002884c92b84a sp=0x000000c0287ff1a0
Event: 0.829 Thread 0x000002884858b800 DEOPT UNPACKING pc=0x000002884c2a964e sp=0x000000c0287fe610 mode 0
Event: 0.829 Thread 0x000002884858b800 DEOPT PACKING pc=0x000002884c92b84a sp=0x000000c0287ff1a0
Event: 0.829 Thread 0x000002884858b800 DEOPT UNPACKING pc=0x000002884c2a964e sp=0x000000c0287fe610 mode 0
Event: 0.829 Thread 0x000002884858b800 DEOPT PACKING pc=0x000002884c92b84a sp=0x000000c0287ff1a0
Event: 0.829 Thread 0x000002884858b800 DEOPT UNPACKING pc=0x000002884c2a964e sp=0x000000c0287fe610 mode 0
Event: 0.829 Thread 0x000002884858b800 DEOPT PACKING pc=0x000002884c92b84a sp=0x000000c0287ff1a0
Event: 0.829 Thread 0x000002884858b800 DEOPT UNPACKING pc=0x000002884c2a964e sp=0x000000c0287fe610 mode 0
Event: 0.829 Thread 0x000002884858b800 DEOPT PACKING pc=0x000002884c92b84a sp=0x000000c0287ff1a0
Event: 0.829 Thread 0x000002884858b800 DEOPT UNPACKING pc=0x000002884c2a964e sp=0x000000c0287fe610 mode 0
Event: 305.263 Thread 0x00000288635b8800 Uncommon trap: trap_request=0xffffff45 fr.pc=0x0000028853d6c3bc relative=0x000000000000065c
Event: 305.263 Thread 0x00000288635b8800 Uncommon trap: reason=unstable_if action=reinterpret pc=0x0000028853d6c3bc method=org.eclipse.jdt.launching.internal.org.objectweb.asm.SymbolTable.addConstantUtf8(Ljava/lang/String;)I @ 13 c2
Event: 305.263 Thread 0x00000288635b8800 DEOPT PACKING pc=0x0000028853d6c3bc sp=0x000000c0298fe460
Event: 305.263 Thread 0x00000288635b8800 DEOPT UNPACKING pc=0x000002884c2a912f sp=0x000000c0298fe420 mode 2

Classes unloaded (0 events):
No events

Classes redefined (11 events):
Event: 305.270 Thread 0x0000028862acb000 redefined class name=CuoiKhoa.robot, count=1
Event: 404.961 Thread 0x0000028862acb000 redefined class name=CuoiKhoa.robot, count=2
Event: 613.832 Thread 0x0000028862acb000 redefined class name=CuoiKhoa.robot, count=3
Event: 645.196 Thread 0x0000028862acb000 redefined class name=CuoiKhoa.robot, count=4
Event: 739.072 Thread 0x0000028862acb000 redefined class name=CuoiKhoa.robot, count=5
Event: 1450.764 Thread 0x0000028862acb000 redefined class name=CuoiKhoa.robot, count=6
Event: 1803.085 Thread 0x0000028862acb000 redefined class name=CuoiKhoa.robot, count=7
Event: 2007.119 Thread 0x0000028862acb000 redefined class name=CuoiKhoa.robot, count=8
Event: 2022.551 Thread 0x0000028862acb000 redefined class name=CuoiKhoa.robot, count=9
Event: 2066.857 Thread 0x0000028862acb000 redefined class name=CuoiKhoa.robot, count=10
Event: 2202.467 Thread 0x0000028862acb000 redefined class name=CuoiKhoa.robot, count=11

Internal exceptions (5 events):
Event: 0.632 Thread 0x000002884858b800 Exception <a 'java/lang/ClassNotFoundException'{0x0000000089e55538}: sun/awt/resources/spi/awtProvider> (0x0000000089e55538) 
thrown [./open/src/hotspot/share/classfile/systemDictionary.cpp, line 226]
Event: 0.647 Thread 0x000002884858b800 Exception <a 'java/io/FileNotFoundException'{0x0000000089eb5568}> (0x0000000089eb5568) 
thrown [./open/src/hotspot/share/prims/jni.cpp, line 599]
Event: 0.651 Thread 0x000002884858b800 Exception <a 'java/io/FileNotFoundException'{0x0000000089edd9f8}> (0x0000000089edd9f8) 
thrown [./open/src/hotspot/share/prims/jni.cpp, line 599]
Event: 0.749 Thread 0x0000028863d94800 Exception <a 'java/lang/NoSuchMethodError'{0x0000000089c7be58}: 'void java.lang.invoke.DirectMethodHandle$Holder.invokeSpecial(java.lang.Object, java.lang.Object)'> (0x0000000089c7be58) 
thrown [./open/src/hotspot/share/interpreter/linkResolver.cpp, line 766]
Event: 0.832 Thread 0x000002884858b800 Exception <a 'java/lang/ArrayIndexOutOfBoundsException'{0x00000000898e0608}: Index 1 out of bounds for length 1> (0x00000000898e0608) 
thrown [./open/src/hotspot/share/interpreter/interpreterRuntime.cpp, line 458]

Events (20 events):
Event: 5223.750 loading class java/awt/event/InputMethodEvent done
Event: 5223.750 loading class java/awt/event/ActionEvent
Event: 5223.750 loading class java/awt/event/ActionEvent done
Event: 5223.879 Executing VM operation: HandshakeOneThread
Event: 5223.879 Executing VM operation: HandshakeOneThread done
Event: 5223.879 loading class java/util/Collections$SynchronizedSet
Event: 5223.879 loading class java/util/Collections$SynchronizedSet done
Event: 5223.879 loading class java/util/WeakHashMap$KeyIterator
Event: 5223.879 loading class java/util/WeakHashMap$HashIterator
Event: 5223.880 loading class java/util/WeakHashMap$HashIterator done
Event: 5223.880 loading class java/util/WeakHashMap$KeyIterator done
Event: 5223.884 loading class java/util/concurrent/locks/AbstractQueuedSynchronizer$ConditionNode
Event: 5223.884 loading class java/util/concurrent/ForkJoinPool$ManagedBlocker
Event: 5223.884 loading class java/util/concurrent/ForkJoinPool$ManagedBlocker done
Event: 5223.884 loading class java/util/concurrent/locks/AbstractQueuedSynchronizer$Node
Event: 5223.886 loading class java/util/concurrent/locks/AbstractQueuedSynchronizer$Node done
Event: 5223.886 loading class java/util/concurrent/locks/AbstractQueuedSynchronizer$ConditionNode done
Event: 5223.887 loading class java/util/concurrent/locks/AbstractQueuedSynchronizer$ExclusiveNode
Event: 5223.887 loading class java/util/concurrent/locks/AbstractQueuedSynchronizer$ExclusiveNode done
Event: 5223.890 loading class java/util/concurrent/ForkJoinPool


Dynamic libraries:
0x00007ff686820000 - 0x00007ff68682d000 	C:\Users\MyPC\.p2\pool\plugins\org.eclipse.justj.openjdk.hotspot.jre.full.win32.x86_64_14.0.2.v20200815-0932\jre\bin\javaw.exe
0x00007ffe3f0f0000 - 0x00007ffe3f2e5000 	C:\WINDOWS\SYSTEM32\ntdll.dll
0x00007ffe3ecc0000 - 0x00007ffe3ed7e000 	C:\WINDOWS\System32\KERNEL32.DLL
0x00007ffe3cca0000 - 0x00007ffe3cf68000 	C:\WINDOWS\System32\KERNELBASE.dll
0x00007ffe3d050000 - 0x00007ffe3d150000 	C:\WINDOWS\System32\ucrtbase.dll
0x00007ffe15750000 - 0x00007ffe15765000 	C:\Users\MyPC\.p2\pool\plugins\org.eclipse.justj.openjdk.hotspot.jre.full.win32.x86_64_14.0.2.v20200815-0932\jre\bin\VCRUNTIME140.dll
0x00007ffe291f0000 - 0x00007ffe29208000 	C:\Users\MyPC\.p2\pool\plugins\org.eclipse.justj.openjdk.hotspot.jre.full.win32.x86_64_14.0.2.v20200815-0932\jre\bin\jli.dll
0x00007ffe3dbb0000 - 0x00007ffe3dd50000 	C:\WINDOWS\System32\USER32.dll
0x00007ffe277f0000 - 0x00007ffe27a8a000 	C:\WINDOWS\WinSxS\amd64_microsoft.windows.common-controls_6595b64144ccf1df_6.0.19041.1110_none_60b5254171f9507e\COMCTL32.dll
0x00007ffe3cc70000 - 0x00007ffe3cc92000 	C:\WINDOWS\System32\win32u.dll
0x00007ffe3ee20000 - 0x00007ffe3ee4a000 	C:\WINDOWS\System32\GDI32.dll
0x00007ffe3ed80000 - 0x00007ffe3ee1e000 	C:\WINDOWS\System32\msvcrt.dll
0x00007ffe3c920000 - 0x00007ffe3ca2b000 	C:\WINDOWS\System32\gdi32full.dll
0x00007ffe3c880000 - 0x00007ffe3c91d000 	C:\WINDOWS\System32\msvcp_win.dll
0x00007ffe3e840000 - 0x00007ffe3e870000 	C:\WINDOWS\System32\IMM32.DLL
0x00007ffe05ba0000 - 0x00007ffe05c3b000 	C:\Users\MyPC\.p2\pool\plugins\org.eclipse.justj.openjdk.hotspot.jre.full.win32.x86_64_14.0.2.v20200815-0932\jre\bin\msvcp140.dll
0x00007ffdd6fb0000 - 0x00007ffdd7ace000 	C:\Users\MyPC\.p2\pool\plugins\org.eclipse.justj.openjdk.hotspot.jre.full.win32.x86_64_14.0.2.v20200815-0932\jre\bin\server\jvm.dll
0x00007ffe3d220000 - 0x00007ffe3d2ce000 	C:\WINDOWS\System32\ADVAPI32.dll
0x00007ffe3daa0000 - 0x00007ffe3db3c000 	C:\WINDOWS\System32\sechost.dll
0x00007ffe3ea40000 - 0x00007ffe3eb65000 	C:\WINDOWS\System32\RPCRT4.dll
0x00007ffe3ecb0000 - 0x00007ffe3ecb8000 	C:\WINDOWS\System32\PSAPI.DLL
0x00007ffe37400000 - 0x00007ffe37409000 	C:\WINDOWS\SYSTEM32\WSOCK32.dll
0x00007ffe22ca0000 - 0x00007ffe22cc7000 	C:\WINDOWS\SYSTEM32\WINMM.dll
0x00007ffe2f850000 - 0x00007ffe2f85a000 	C:\WINDOWS\SYSTEM32\VERSION.dll
0x00007ffe3db40000 - 0x00007ffe3dbab000 	C:\WINDOWS\System32\WS2_32.dll
0x00007ffe3a730000 - 0x00007ffe3a742000 	C:\WINDOWS\SYSTEM32\kernel.appcore.dll
0x00007ffe373f0000 - 0x00007ffe373fa000 	C:\Users\MyPC\.p2\pool\plugins\org.eclipse.justj.openjdk.hotspot.jre.full.win32.x86_64_14.0.2.v20200815-0932\jre\bin\jimage.dll
0x00007ffe2c820000 - 0x00007ffe2ca04000 	C:\WINDOWS\SYSTEM32\DBGHELP.DLL
0x00007ffe27e70000 - 0x00007ffe27e9c000 	C:\WINDOWS\SYSTEM32\dbgcore.DLL
0x00007ffe3cfc0000 - 0x00007ffe3d042000 	C:\WINDOWS\System32\bcryptPrimitives.dll
0x00007ffe11210000 - 0x00007ffe11248000 	C:\Users\MyPC\.p2\pool\plugins\org.eclipse.justj.openjdk.hotspot.jre.full.win32.x86_64_14.0.2.v20200815-0932\jre\bin\jdwp.dll
0x00007ffe1cdf0000 - 0x00007ffe1ce15000 	C:\Users\MyPC\.p2\pool\plugins\org.eclipse.justj.openjdk.hotspot.jre.full.win32.x86_64_14.0.2.v20200815-0932\jre\bin\java.dll
0x00007ffe378b0000 - 0x00007ffe378be000 	C:\Users\MyPC\.p2\pool\plugins\org.eclipse.justj.openjdk.hotspot.jre.full.win32.x86_64_14.0.2.v20200815-0932\jre\bin\instrument.dll
0x00007ffe1d0e0000 - 0x00007ffe1d0f6000 	C:\Users\MyPC\.p2\pool\plugins\org.eclipse.justj.openjdk.hotspot.jre.full.win32.x86_64_14.0.2.v20200815-0932\jre\bin\zip.dll
0x00007ffe3d2d0000 - 0x00007ffe3da14000 	C:\WINDOWS\System32\SHELL32.dll
0x00007ffe3a930000 - 0x00007ffe3b0c4000 	C:\WINDOWS\SYSTEM32\windows.storage.dll
0x00007ffe3e3d0000 - 0x00007ffe3e724000 	C:\WINDOWS\System32\combase.dll
0x00007ffe3c280000 - 0x00007ffe3c2ac000 	C:\WINDOWS\SYSTEM32\Wldp.dll
0x00007ffe3d150000 - 0x00007ffe3d1fd000 	C:\WINDOWS\System32\SHCORE.dll
0x00007ffe3e730000 - 0x00007ffe3e785000 	C:\WINDOWS\System32\shlwapi.dll
0x00007ffe3c750000 - 0x00007ffe3c76f000 	C:\WINDOWS\SYSTEM32\profapi.dll
0x00007ffe2c030000 - 0x00007ffe2c03b000 	C:\Users\MyPC\.p2\pool\plugins\org.eclipse.justj.openjdk.hotspot.jre.full.win32.x86_64_14.0.2.v20200815-0932\jre\bin\dt_socket.dll
0x00007ffe3bc80000 - 0x00007ffe3bcbb000 	C:\WINDOWS\SYSTEM32\IPHLPAPI.DLL
0x00007ffe3bfe0000 - 0x00007ffe3c04a000 	C:\WINDOWS\system32\mswsock.dll
0x00007ffe3bcd0000 - 0x00007ffe3bd9b000 	C:\WINDOWS\SYSTEM32\DNSAPI.dll
0x00007ffe3efd0000 - 0x00007ffe3efd8000 	C:\WINDOWS\System32\NSI.dll
0x00007ffe330c0000 - 0x00007ffe330ca000 	C:\Windows\System32\rasadhlp.dll
0x00007ffe2fa20000 - 0x00007ffe2fa9f000 	C:\WINDOWS\System32\fwpuclnt.dll
0x00007ffe3cb90000 - 0x00007ffe3cbb7000 	C:\WINDOWS\System32\bcrypt.dll
0x00007ffe17440000 - 0x00007ffe17459000 	C:\Users\MyPC\.p2\pool\plugins\org.eclipse.justj.openjdk.hotspot.jre.full.win32.x86_64_14.0.2.v20200815-0932\jre\bin\net.dll
0x00007ffe34fc0000 - 0x00007ffe350ca000 	C:\WINDOWS\SYSTEM32\WINHTTP.dll
0x00007ffe157f0000 - 0x00007ffe15802000 	C:\Users\MyPC\.p2\pool\plugins\org.eclipse.justj.openjdk.hotspot.jre.full.win32.x86_64_14.0.2.v20200815-0932\jre\bin\nio.dll
0x00007ffe2c1c0000 - 0x00007ffe2c1d0000 	C:\Users\MyPC\.p2\pool\plugins\org.eclipse.justj.openjdk.hotspot.jre.full.win32.x86_64_14.0.2.v20200815-0932\jre\bin\verify.dll
0x00007ffe02360000 - 0x00007ffe024f8000 	C:\Users\MyPC\.p2\pool\plugins\org.eclipse.justj.openjdk.hotspot.jre.full.win32.x86_64_14.0.2.v20200815-0932\jre\bin\awt.dll
0x00007ffe3efe0000 - 0x00007ffe3f0ad000 	C:\WINDOWS\System32\OLEAUT32.dll
0x00007ffe3a070000 - 0x00007ffe3a100000 	C:\WINDOWS\SYSTEM32\apphelp.dll
0x00007ffe3a440000 - 0x00007ffe3a46f000 	C:\WINDOWS\system32\DWMAPI.DLL
0x00007ffe3a1b0000 - 0x00007ffe3a24e000 	C:\WINDOWS\system32\uxtheme.dll
0x00007ffe11ae0000 - 0x00007ffe11c06000 	C:\WINDOWS\system32\opengl32.dll
0x00007ffe13000000 - 0x00007ffe1302c000 	C:\WINDOWS\SYSTEM32\GLU32.dll
0x00007ffe02bb0000 - 0x00007ffe02ce8000 	C:\ProgramData\A-Volute\A-Volute.Nahimic\Modules\Scheduled\x64\AudioDevProps2.dll
0x00007ffe3eb80000 - 0x00007ffe3ecaa000 	C:\WINDOWS\System32\ole32.dll
0x00007ffe3ee50000 - 0x00007ffe3ef65000 	C:\WINDOWS\System32\MSCTF.dll

dbghelp: loaded successfully - version: 4.0.5 - missing functions: none
symbol engine: initialized successfully - sym options: 0x614 - pdb path: .;C:\Users\MyPC\.p2\pool\plugins\org.eclipse.justj.openjdk.hotspot.jre.full.win32.x86_64_14.0.2.v20200815-0932\jre\bin;C:\WINDOWS\SYSTEM32;C:\WINDOWS\WinSxS\amd64_microsoft.windows.common-controls_6595b64144ccf1df_6.0.19041.1110_none_60b5254171f9507e;C:\Users\MyPC\.p2\pool\plugins\org.eclipse.justj.openjdk.hotspot.jre.full.win32.x86_64_14.0.2.v20200815-0932\jre\bin\server;C:\ProgramData\A-Volute\A-Volute.Nahimic\Modules\Scheduled\x64

VM Arguments:
jvm_args: -XX:+ShowCodeDetailsInExceptionMessages -agentlib:jdwp=transport=dt_socket,suspend=y,address=localhost:50249 -javaagent:C:\Users\MyPC\eclipse\java-2020-09\eclipse\configuration\org.eclipse.osgi\215\0\.cp\lib\javaagent-shaded.jar -Dfile.encoding=Cp1252 
java_command: CuoiKhoa.robot
java_class_path (initial): D:\GraphicsComputer\bin;D:\JGL
Launcher Type: SUN_STANDARD

[Global flags]
     intx CICompilerCount                          = 4                                         {product} {ergonomic}
     uint ConcGCThreads                            = 2                                         {product} {ergonomic}
     uint G1ConcRefinementThreads                  = 8                                         {product} {ergonomic}
   size_t G1HeapRegionSize                         = 1048576                                   {product} {ergonomic}
    uintx GCDrainStackTargetSize                   = 64                                        {product} {ergonomic}
   size_t InitialHeapSize                          = 132120576                                 {product} {ergonomic}
   size_t MarkStackSize                            = 4194304                                   {product} {ergonomic}
   size_t MaxHeapSize                              = 2107637760                                {product} {ergonomic}
   size_t MaxNewSize                               = 1264582656                                {product} {ergonomic}
   size_t MinHeapDeltaBytes                        = 1048576                                   {product} {ergonomic}
   size_t MinHeapSize                              = 8388608                                   {product} {ergonomic}
    uintx NonNMethodCodeHeapSize                   = 5839372                                {pd product} {ergonomic}
    uintx NonProfiledCodeHeapSize                  = 122909434                              {pd product} {ergonomic}
    uintx ProfiledCodeHeapSize                     = 122909434                              {pd product} {ergonomic}
    uintx ReservedCodeCacheSize                    = 251658240                              {pd product} {ergonomic}
     bool SegmentedCodeCache                       = true                                      {product} {ergonomic}
     bool ShowCodeDetailsInExceptionMessages       = true                                   {manageable} {command line}
   size_t SoftMaxHeapSize                          = 2107637760                             {manageable} {ergonomic}
     bool UseCompressedClassPointers               = true                                 {lp64_product} {ergonomic}
     bool UseCompressedOops                        = true                                 {lp64_product} {ergonomic}
     bool UseG1GC                                  = true                                      {product} {ergonomic}
     bool UseLargePagesIndividualAllocation        = false                                  {pd product} {ergonomic}

Logging:
Log output configuration:
 #0: stdout all=warning uptime,level,tags
 #1: stderr all=off uptime,level,tags

Environment Variables:
PATH=C:\Users\MyPC\.p2\pool\plugins\org.eclipse.justj.openjdk.hotspot.jre.full.win32.x86_64_14.0.2.v20200815-0932\jre\bin;C:/Users/MyPC/.p2/pool/plugins/org.eclipse.justj.openjdk.hotspot.jre.full.win32.x86_64_14.0.2.v20200815-0932/jre/bin/server;C:/Users/MyPC/.p2/pool/plugins/org.eclipse.justj.openjdk.hotspot.jre.full.win32.x86_64_14.0.2.v20200815-0932/jre/bin;C:\Program Files\Microsoft MPI\Bin\;C:\Program Files\Common Files\Oracle\Java\javapath;C:\Windows\system32;C:\Windows;C:\Windows\System32\Wbem;C:\Windows\System32\WindowsPowerShell\v1.0\;C:\Windows\System32\OpenSSH\;C:\Program Files (x86)\NVIDIA Corporation\PhysX\Common;C:\Program Files\dotnet\;C:\Program Files\Microsoft SQL Server\130\Tools\Binn\;C:\Program Files\Microsoft SQL Server\Client SDK\ODBC\170\Tools\Binn\;C:\WINDOWS\system32;C:\WINDOWS;C:\WINDOWS\System32\Wbem;C:\WINDOWS\System32\WindowsPowerShell\v1.0\;C:\WINDOWS\System32\OpenSSH\;C:\Program Files (x86)\Microsoft SQL Server\150\Tools\Binn\;C:\Program Files\Microsoft SQL Server\150\Tools\Binn\;C:\Program Files\Microsoft SQL Server\150\DTS\Binn\;C:\Program Files\Azure Data Studio\bin;C:\Program Files\Microsoft VS Code\bin;C:\Program Files\nodejs\;C:\Users\MyPC\AppData\Local\Microsoft\WindowsApps;C:\Users\MyPC\.dotnet\tools;;C:\Program Files\Azure Data Studio\bin;C:\Users\MyPC\AppData\Roaming\npm;C:\WINDOWS\system32;
USERNAME=MyPC
OS=Windows_NT
PROCESSOR_IDENTIFIER=Intel64 Family 6 Model 158 Stepping 13, GenuineIntel



---------------  S Y S T E M  ---------------

OS: Windows 10 , 64 bit Build 19041 (10.0.19041.1645)
OS uptime: 0 days 2:08 hours

CPU:total 8 (initial active 8) (4 cores per cpu, 2 threads per core) family 6 model 158 stepping 13, cmov, cx8, fxsr, mmx, sse, sse2, sse3, ssse3, sse4.1, sse4.2, popcnt, avx, avx2, aes, clmul, erms, 3dnowpref, lzcnt, ht, tsc, tscinvbit, bmi1, bmi2, adx, fma

Memory: 4k page, system-wide physical 8036M (939M free)
TotalPageFile size 16228M (AvailPageFile size 80M)
current process WorkingSet (physical memory assigned to process): 25M, peak: 73M
current process commit charge ("private bytes"): 216M, peak: 222M

vm_info: OpenJDK 64-Bit Server VM (14.0.2+12-46) for windows-amd64 JRE (14.0.2+12-46), built on Jul  9 2020 00:31:16 by "mach5one" with MS VC++ 15.9 (VS2017)

END.
