#
# There is insufficient memory for the Java Runtime Environment to continue.
# Native memory allocation (malloc) failed to allocate 32895 bytes for AllocateHeap
# Possible reasons:
#   The system is out of physical RAM or swap space
#   The process is running with CompressedOops enabled, and the Java Heap may be blocking the growth of the native heap
# Possible solutions:
#   Reduce memory load on the system
#   Increase physical memory or swap space
#   Check if swap backing store is full
#   Decrease Java heap size (-Xmx/-Xms)
#   Decrease number of Java threads
#   Decrease Java thread stack sizes (-Xss)
#   Set larger code cache with -XX:ReservedCodeCacheSize=
#   JVM is running with Unscaled Compressed Oops mode in which the Java heap is
#     placed in the first 4GB address space. The Java Heap base address is the
#     maximum limit for the native heap growth. Please use -XX:HeapBaseMinAddress
#     to set the Java Heap base and to place the Java Heap above 4GB virtual address.
# This output file may be truncated or incomplete.
#
#  Out of Memory Error (./open/src/hotspot/share/memory/allocation.cpp:44), pid=5928, tid=14176
#
# JRE version: OpenJDK Runtime Environment (14.0.2+12) (build 14.0.2+12-46)
# Java VM: OpenJDK 64-Bit Server VM (14.0.2+12-46, mixed mode, tiered, compressed oops, g1 gc, windows-amd64)
# No core dump will be written. Minidumps are not enabled by default on client versions of Windows
#

---------------  S U M M A R Y ------------

Command Line: -XX:+ShowCodeDetailsInExceptionMessages -agentlib:jdwp=transport=dt_socket,suspend=y,address=localhost:50251 -javaagent:C:\Users\MyPC\eclipse\java-2020-09\eclipse\configuration\org.eclipse.osgi\215\0\.cp\lib\javaagent-shaded.jar -Dfile.encoding=Cp1252 CuoiKhoa.robot

Host: Intel(R) Core(TM) i5-9300H CPU @ 2.40GHz, 8 cores, 7G,  Windows 10 , 64 bit Build 19041 (10.0.19041.1645)
Time: Wed May 11 10:18:17 2022 SE Asia Standard Time elapsed time: 3021 seconds (0d 0h 50m 21s)

---------------  T H R E A D  ---------------

Current thread (0x0000026f460c8000):  JavaThread "AWT-EventQueue-0" [_thread_in_vm, id=14176, stack(0x000000aed6d00000,0x000000aed6e00000)]

Stack: [0x000000aed6d00000,0x000000aed6e00000]
Native frames: (J=compiled Java code, j=interpreted, Vv=VM code, C=native code)
V  [jvm.dll+0x5f8a9a]
V  [jvm.dll+0x74247a]
V  [jvm.dll+0x743c2f]
V  [jvm.dll+0x744273]
V  [jvm.dll+0x20d288]
V  [jvm.dll+0xa2b2f]
V  [jvm.dll+0x6c75db]
V  [jvm.dll+0x6c670e]
V  [jvm.dll+0x6c8280]
V  [jvm.dll+0x327494]
V  [jvm.dll+0x327358]
V  [jvm.dll+0x32751c]
V  [jvm.dll+0x327358]
V  [jvm.dll+0x33616d]
C  0x0000026f2e5df373

Java frames: (J=compiled Java code, j=interpreted, Vv=VM code)
j  java.util.concurrent.locks.AbstractQueuedSynchronizer$ConditionObject.await()V+14 java.base@14.0.2
j  java.awt.EventQueue.getNextEvent()Ljava/awt/AWTEvent;+52 java.desktop@14.0.2
j  java.awt.EventDispatchThread.pumpOneEventForFilters(I)V+20 java.desktop@14.0.2
j  java.awt.EventDispatchThread.pumpEventsForFilter(ILjava/awt/Conditional;Ljava/awt/EventFilter;)V+35 java.desktop@14.0.2
j  java.awt.EventDispatchThread.pumpEventsForHierarchy(ILjava/awt/Conditional;Ljava/awt/Component;)V+11 java.desktop@14.0.2
j  java.awt.EventDispatchThread.pumpEvents(ILjava/awt/Conditional;)V+4 java.desktop@14.0.2
j  java.awt.EventDispatchThread.pumpEvents(Ljava/awt/Conditional;)V+3 java.desktop@14.0.2
j  java.awt.EventDispatchThread.run()V+9 java.desktop@14.0.2
v  ~StubRoutines::call_stub

---------------  P R O C E S S  ---------------

Threads class SMR info:
_java_thread_list=0x0000026f460ebf70, length=18, elements={
0x0000026f2a8dd800, 0x0000026f44e05800, 0x0000026f44e06800, 0x0000026f4563e800,
0x0000026f45641800, 0x0000026f45643000, 0x0000026f45659800, 0x0000026f45664000,
0x0000026f4567b000, 0x0000026f44d99800, 0x0000026f4592f000, 0x0000026f45932800,
0x0000026f458a9800, 0x0000026f459a9000, 0x0000026f45f5d000, 0x0000026f45f22000,
0x0000026f4612b000, 0x0000026f460c8000
}

Java Threads: ( => current thread )
  0x0000026f2a8dd800 JavaThread "main" [_thread_blocked, id=17780, stack(0x000000aed6f00000,0x000000aed7000000)]
  0x0000026f44e05800 JavaThread "Reference Handler" daemon [_thread_blocked, id=18116, stack(0x000000aed7600000,0x000000aed7700000)]
  0x0000026f44e06800 JavaThread "Finalizer" daemon [_thread_blocked, id=18112, stack(0x000000aed7700000,0x000000aed7800000)]
  0x0000026f4563e800 JavaThread "Signal Dispatcher" daemon [_thread_blocked, id=18108, stack(0x000000aed7800000,0x000000aed7900000)]
  0x0000026f45641800 JavaThread "Attach Listener" daemon [_thread_blocked, id=18100, stack(0x000000aed7900000,0x000000aed7a00000)]
  0x0000026f45643000 JavaThread "Service Thread" daemon [_thread_blocked, id=18124, stack(0x000000aed7a00000,0x000000aed7b00000)]
  0x0000026f45659800 JavaThread "C2 CompilerThread0" daemon [_thread_blocked, id=18132, stack(0x000000aed7b00000,0x000000aed7c00000)]
  0x0000026f45664000 JavaThread "C1 CompilerThread0" daemon [_thread_blocked, id=18128, stack(0x000000aed7c00000,0x000000aed7d00000)]
  0x0000026f4567b000 JavaThread "Sweeper thread" daemon [_thread_blocked, id=18160, stack(0x000000aed7d00000,0x000000aed7e00000)]
  0x0000026f44d99800 JavaThread "Common-Cleaner" daemon [_thread_blocked, id=18120, stack(0x000000aed7e00000,0x000000aed7f00000)]
  0x0000026f4592f000 JavaThread "JDWP Transport Listener: dt_socket" daemon [_thread_blocked, id=14052, stack(0x000000aed8000000,0x000000aed8100000)]
  0x0000026f45932800 JavaThread "JDWP Event Helper Thread" daemon [_thread_blocked, id=16896, stack(0x000000aed8100000,0x000000aed8200000)]
  0x0000026f458a9800 JavaThread "JDWP Command Reader" daemon [_thread_in_native, id=18216, stack(0x000000aed8200000,0x000000aed8300000)]
  0x0000026f459a9000 JavaThread "Notification Thread" daemon [_thread_blocked, id=18388, stack(0x000000aed7f00000,0x000000aed8000000)]
  0x0000026f45f5d000 JavaThread "Java2D Disposer" daemon [_thread_blocked, id=15992, stack(0x000000aed8500000,0x000000aed8600000)]
  0x0000026f45f22000 JavaThread "AWT-Windows" daemon [_thread_blocked, id=10704, stack(0x000000aed8700000,0x000000aed8800000)]
  0x0000026f4612b000 JavaThread "AWT-Shutdown" [_thread_blocked, id=14392, stack(0x000000aed6c00000,0x000000aed6d00000)]
=>0x0000026f460c8000 JavaThread "AWT-EventQueue-0" [_thread_in_vm, id=14176, stack(0x000000aed6d00000,0x000000aed6e00000)]

Other Threads:
  0x0000026f4561c800 VMThread "VM Thread" [stack: 0x000000aed7500000,0x000000aed7600000] [id=12504]
  0x0000026f45ec1800 WatcherThread [stack: 0x000000aed8300000,0x000000aed8400000] [id=15576]
  0x0000026f2a91e800 GCTaskThread "GC Thread#0" [stack: 0x000000aed7000000,0x000000aed7100000] [id=17792]
  0x0000026f2a931800 ConcurrentGCThread "G1 Main Marker" [stack: 0x000000aed7100000,0x000000aed7200000] [id=14596]
  0x0000026f2a932800 ConcurrentGCThread "G1 Conc#0" [stack: 0x000000aed7200000,0x000000aed7300000] [id=17800]
  0x0000026f44c25800 ConcurrentGCThread "G1 Refine#0" [stack: 0x000000aed7300000,0x000000aed7400000] [id=8928]
  0x0000026f44c27800 ConcurrentGCThread "G1 Young RemSet Sampling" [stack: 0x000000aed7400000,0x000000aed7500000] [id=17776]

Threads with active compile tasks:

VM state:not at safepoint (normal execution)

VM Mutex/Monitor currently owned by a thread: None

Heap address: 0x0000000082600000, size: 2010 MB, Compressed Oops mode: 32-bit
Narrow klass base: 0x0000000000000000, Narrow klass shift: 3
Compressed class space size: 1073741824 Address: 0x0000000100000000

Heap:
 garbage-first heap   total 129024K, used 19456K [0x0000000082600000, 0x0000000100000000)
  region size 1024K, 15 young (15360K), 0 survivors (0K)
 Metaspace       used 13318K, capacity 13535K, committed 13696K, reserved 1060864K
  class space    used 1235K, capacity 1299K, committed 1408K, reserved 1048576K
Heap Regions: E=young(eden), S=young(survivor), O=old, HS=humongous(starts), HC=humongous(continues), CS=collection set, F=free, OA=open archive, CA=closed archive, TAMS=top-at-mark-start (previous, next)
|   0|0x0000000082600000, 0x0000000082700000, 0x0000000082700000|100%|HS|  |TAMS 0x0000000082600000, 0x0000000082600000| Complete 
|   1|0x0000000082700000, 0x0000000082800000, 0x0000000082800000|100%|HS|  |TAMS 0x0000000082700000, 0x0000000082700000| Complete 
|   2|0x0000000082800000, 0x0000000082900000, 0x0000000082900000|100%|HS|  |TAMS 0x0000000082800000, 0x0000000082800000| Complete 
|   3|0x0000000082900000, 0x0000000082a00000, 0x0000000082a00000|100%|HS|  |TAMS 0x0000000082900000, 0x0000000082900000| Complete 
|   4|0x0000000082a00000, 0x0000000082b00000, 0x0000000082b00000|100%|HC|  |TAMS 0x0000000082a00000, 0x0000000082a00000| Complete 
|   5|0x0000000082b00000, 0x0000000082c00000, 0x0000000082c00000|100%|HC|  |TAMS 0x0000000082b00000, 0x0000000082b00000| Complete 
|   6|0x0000000082c00000, 0x0000000082c00000, 0x0000000082d00000|  0%| F|  |TAMS 0x0000000082c00000, 0x0000000082c00000| Untracked 
|   7|0x0000000082d00000, 0x0000000082d00000, 0x0000000082e00000|  0%| F|  |TAMS 0x0000000082d00000, 0x0000000082d00000| Untracked 
|   8|0x0000000082e00000, 0x0000000082e00000, 0x0000000082f00000|  0%| F|  |TAMS 0x0000000082e00000, 0x0000000082e00000| Untracked 
|   9|0x0000000082f00000, 0x0000000082f00000, 0x0000000083000000|  0%| F|  |TAMS 0x0000000082f00000, 0x0000000082f00000| Untracked 
|  10|0x0000000083000000, 0x0000000083000000, 0x0000000083100000|  0%| F|  |TAMS 0x0000000083000000, 0x0000000083000000| Untracked 
|  11|0x0000000083100000, 0x0000000083100000, 0x0000000083200000|  0%| F|  |TAMS 0x0000000083100000, 0x0000000083100000| Untracked 
|  12|0x0000000083200000, 0x0000000083200000, 0x0000000083300000|  0%| F|  |TAMS 0x0000000083200000, 0x0000000083200000| Untracked 
|  13|0x0000000083300000, 0x0000000083300000, 0x0000000083400000|  0%| F|  |TAMS 0x0000000083300000, 0x0000000083300000| Untracked 
|  14|0x0000000083400000, 0x0000000083400000, 0x0000000083500000|  0%| F|  |TAMS 0x0000000083400000, 0x0000000083400000| Untracked 
|  15|0x0000000083500000, 0x0000000083500000, 0x0000000083600000|  0%| F|  |TAMS 0x0000000083500000, 0x0000000083500000| Untracked 
|  16|0x0000000083600000, 0x0000000083600000, 0x0000000083700000|  0%| F|  |TAMS 0x0000000083600000, 0x0000000083600000| Untracked 
|  17|0x0000000083700000, 0x0000000083700000, 0x0000000083800000|  0%| F|  |TAMS 0x0000000083700000, 0x0000000083700000| Untracked 
|  18|0x0000000083800000, 0x0000000083800000, 0x0000000083900000|  0%| F|  |TAMS 0x0000000083800000, 0x0000000083800000| Untracked 
|  19|0x0000000083900000, 0x0000000083900000, 0x0000000083a00000|  0%| F|  |TAMS 0x0000000083900000, 0x0000000083900000| Untracked 
|  20|0x0000000083a00000, 0x0000000083a00000, 0x0000000083b00000|  0%| F|  |TAMS 0x0000000083a00000, 0x0000000083a00000| Untracked 
|  21|0x0000000083b00000, 0x0000000083b00000, 0x0000000083c00000|  0%| F|  |TAMS 0x0000000083b00000, 0x0000000083b00000| Untracked 
|  22|0x0000000083c00000, 0x0000000083c00000, 0x0000000083d00000|  0%| F|  |TAMS 0x0000000083c00000, 0x0000000083c00000| Untracked 
|  23|0x0000000083d00000, 0x0000000083d00000, 0x0000000083e00000|  0%| F|  |TAMS 0x0000000083d00000, 0x0000000083d00000| Untracked 
|  24|0x0000000083e00000, 0x0000000083e00000, 0x0000000083f00000|  0%| F|  |TAMS 0x0000000083e00000, 0x0000000083e00000| Untracked 
|  25|0x0000000083f00000, 0x0000000083f00000, 0x0000000084000000|  0%| F|  |TAMS 0x0000000083f00000, 0x0000000083f00000| Untracked 
|  26|0x0000000084000000, 0x0000000084000000, 0x0000000084100000|  0%| F|  |TAMS 0x0000000084000000, 0x0000000084000000| Untracked 
|  27|0x0000000084100000, 0x0000000084100000, 0x0000000084200000|  0%| F|  |TAMS 0x0000000084100000, 0x0000000084100000| Untracked 
|  28|0x0000000084200000, 0x0000000084200000, 0x0000000084300000|  0%| F|  |TAMS 0x0000000084200000, 0x0000000084200000| Untracked 
|  29|0x0000000084300000, 0x0000000084300000, 0x0000000084400000|  0%| F|  |TAMS 0x0000000084300000, 0x0000000084300000| Untracked 
|  30|0x0000000084400000, 0x0000000084400000, 0x0000000084500000|  0%| F|  |TAMS 0x0000000084400000, 0x0000000084400000| Untracked 
|  31|0x0000000084500000, 0x0000000084500000, 0x0000000084600000|  0%| F|  |TAMS 0x0000000084500000, 0x0000000084500000| Untracked 
|  32|0x0000000084600000, 0x0000000084600000, 0x0000000084700000|  0%| F|  |TAMS 0x0000000084600000, 0x0000000084600000| Untracked 
|  33|0x0000000084700000, 0x0000000084700000, 0x0000000084800000|  0%| F|  |TAMS 0x0000000084700000, 0x0000000084700000| Untracked 
|  34|0x0000000084800000, 0x0000000084800000, 0x0000000084900000|  0%| F|  |TAMS 0x0000000084800000, 0x0000000084800000| Untracked 
|  35|0x0000000084900000, 0x0000000084900000, 0x0000000084a00000|  0%| F|  |TAMS 0x0000000084900000, 0x0000000084900000| Untracked 
|  36|0x0000000084a00000, 0x0000000084a00000, 0x0000000084b00000|  0%| F|  |TAMS 0x0000000084a00000, 0x0000000084a00000| Untracked 
|  37|0x0000000084b00000, 0x0000000084b00000, 0x0000000084c00000|  0%| F|  |TAMS 0x0000000084b00000, 0x0000000084b00000| Untracked 
|  38|0x0000000084c00000, 0x0000000084c00000, 0x0000000084d00000|  0%| F|  |TAMS 0x0000000084c00000, 0x0000000084c00000| Untracked 
|  39|0x0000000084d00000, 0x0000000084d00000, 0x0000000084e00000|  0%| F|  |TAMS 0x0000000084d00000, 0x0000000084d00000| Untracked 
|  40|0x0000000084e00000, 0x0000000084e00000, 0x0000000084f00000|  0%| F|  |TAMS 0x0000000084e00000, 0x0000000084e00000| Untracked 
|  41|0x0000000084f00000, 0x0000000084f00000, 0x0000000085000000|  0%| F|  |TAMS 0x0000000084f00000, 0x0000000084f00000| Untracked 
|  42|0x0000000085000000, 0x0000000085000000, 0x0000000085100000|  0%| F|  |TAMS 0x0000000085000000, 0x0000000085000000| Untracked 
|  43|0x0000000085100000, 0x0000000085100000, 0x0000000085200000|  0%| F|  |TAMS 0x0000000085100000, 0x0000000085100000| Untracked 
|  44|0x0000000085200000, 0x0000000085200000, 0x0000000085300000|  0%| F|  |TAMS 0x0000000085200000, 0x0000000085200000| Untracked 
|  45|0x0000000085300000, 0x0000000085300000, 0x0000000085400000|  0%| F|  |TAMS 0x0000000085300000, 0x0000000085300000| Untracked 
|  46|0x0000000085400000, 0x0000000085400000, 0x0000000085500000|  0%| F|  |TAMS 0x0000000085400000, 0x0000000085400000| Untracked 
|  47|0x0000000085500000, 0x0000000085500000, 0x0000000085600000|  0%| F|  |TAMS 0x0000000085500000, 0x0000000085500000| Untracked 
|  48|0x0000000085600000, 0x0000000085600000, 0x0000000085700000|  0%| F|  |TAMS 0x0000000085600000, 0x0000000085600000| Untracked 
|  49|0x0000000085700000, 0x0000000085700000, 0x0000000085800000|  0%| F|  |TAMS 0x0000000085700000, 0x0000000085700000| Untracked 
|  50|0x0000000085800000, 0x0000000085800000, 0x0000000085900000|  0%| F|  |TAMS 0x0000000085800000, 0x0000000085800000| Untracked 
|  51|0x0000000085900000, 0x0000000085900000, 0x0000000085a00000|  0%| F|  |TAMS 0x0000000085900000, 0x0000000085900000| Untracked 
|  52|0x0000000085a00000, 0x0000000085a00000, 0x0000000085b00000|  0%| F|  |TAMS 0x0000000085a00000, 0x0000000085a00000| Untracked 
|  53|0x0000000085b00000, 0x0000000085b00000, 0x0000000085c00000|  0%| F|  |TAMS 0x0000000085b00000, 0x0000000085b00000| Untracked 
|  54|0x0000000085c00000, 0x0000000085c00000, 0x0000000085d00000|  0%| F|  |TAMS 0x0000000085c00000, 0x0000000085c00000| Untracked 
|  55|0x0000000085d00000, 0x0000000085d00000, 0x0000000085e00000|  0%| F|  |TAMS 0x0000000085d00000, 0x0000000085d00000| Untracked 
|  56|0x0000000085e00000, 0x0000000085e00000, 0x0000000085f00000|  0%| F|  |TAMS 0x0000000085e00000, 0x0000000085e00000| Untracked 
|  57|0x0000000085f00000, 0x0000000085f00000, 0x0000000086000000|  0%| F|  |TAMS 0x0000000085f00000, 0x0000000085f00000| Untracked 
|  58|0x0000000086000000, 0x0000000086000000, 0x0000000086100000|  0%| F|  |TAMS 0x0000000086000000, 0x0000000086000000| Untracked 
|  59|0x0000000086100000, 0x0000000086100000, 0x0000000086200000|  0%| F|  |TAMS 0x0000000086100000, 0x0000000086100000| Untracked 
|  60|0x0000000086200000, 0x0000000086200000, 0x0000000086300000|  0%| F|  |TAMS 0x0000000086200000, 0x0000000086200000| Untracked 
|  61|0x0000000086300000, 0x0000000086300000, 0x0000000086400000|  0%| F|  |TAMS 0x0000000086300000, 0x0000000086300000| Untracked 
|  62|0x0000000086400000, 0x0000000086400000, 0x0000000086500000|  0%| F|  |TAMS 0x0000000086400000, 0x0000000086400000| Untracked 
|  63|0x0000000086500000, 0x0000000086500000, 0x0000000086600000|  0%| F|  |TAMS 0x0000000086500000, 0x0000000086500000| Untracked 
|  64|0x0000000086600000, 0x0000000086600000, 0x0000000086700000|  0%| F|  |TAMS 0x0000000086600000, 0x0000000086600000| Untracked 
|  65|0x0000000086700000, 0x0000000086700000, 0x0000000086800000|  0%| F|  |TAMS 0x0000000086700000, 0x0000000086700000| Untracked 
|  66|0x0000000086800000, 0x0000000086800000, 0x0000000086900000|  0%| F|  |TAMS 0x0000000086800000, 0x0000000086800000| Untracked 
|  67|0x0000000086900000, 0x0000000086900000, 0x0000000086a00000|  0%| F|  |TAMS 0x0000000086900000, 0x0000000086900000| Untracked 
|  68|0x0000000086a00000, 0x0000000086a00000, 0x0000000086b00000|  0%| F|  |TAMS 0x0000000086a00000, 0x0000000086a00000| Untracked 
|  69|0x0000000086b00000, 0x0000000086b00000, 0x0000000086c00000|  0%| F|  |TAMS 0x0000000086b00000, 0x0000000086b00000| Untracked 
|  70|0x0000000086c00000, 0x0000000086c00000, 0x0000000086d00000|  0%| F|  |TAMS 0x0000000086c00000, 0x0000000086c00000| Untracked 
|  71|0x0000000086d00000, 0x0000000086d00000, 0x0000000086e00000|  0%| F|  |TAMS 0x0000000086d00000, 0x0000000086d00000| Untracked 
|  72|0x0000000086e00000, 0x0000000086e00000, 0x0000000086f00000|  0%| F|  |TAMS 0x0000000086e00000, 0x0000000086e00000| Untracked 
|  73|0x0000000086f00000, 0x0000000086f00000, 0x0000000087000000|  0%| F|  |TAMS 0x0000000086f00000, 0x0000000086f00000| Untracked 
|  74|0x0000000087000000, 0x0000000087000000, 0x0000000087100000|  0%| F|  |TAMS 0x0000000087000000, 0x0000000087000000| Untracked 
|  75|0x0000000087100000, 0x0000000087100000, 0x0000000087200000|  0%| F|  |TAMS 0x0000000087100000, 0x0000000087100000| Untracked 
|  76|0x0000000087200000, 0x0000000087200000, 0x0000000087300000|  0%| F|  |TAMS 0x0000000087200000, 0x0000000087200000| Untracked 
|  77|0x0000000087300000, 0x0000000087300000, 0x0000000087400000|  0%| F|  |TAMS 0x0000000087300000, 0x0000000087300000| Untracked 
|  78|0x0000000087400000, 0x0000000087400000, 0x0000000087500000|  0%| F|  |TAMS 0x0000000087400000, 0x0000000087400000| Untracked 
|  79|0x0000000087500000, 0x0000000087500000, 0x0000000087600000|  0%| F|  |TAMS 0x0000000087500000, 0x0000000087500000| Untracked 
|  80|0x0000000087600000, 0x0000000087600000, 0x0000000087700000|  0%| F|  |TAMS 0x0000000087600000, 0x0000000087600000| Untracked 
|  81|0x0000000087700000, 0x0000000087700000, 0x0000000087800000|  0%| F|  |TAMS 0x0000000087700000, 0x0000000087700000| Untracked 
|  82|0x0000000087800000, 0x0000000087800000, 0x0000000087900000|  0%| F|  |TAMS 0x0000000087800000, 0x0000000087800000| Untracked 
|  83|0x0000000087900000, 0x0000000087900000, 0x0000000087a00000|  0%| F|  |TAMS 0x0000000087900000, 0x0000000087900000| Untracked 
|  84|0x0000000087a00000, 0x0000000087a00000, 0x0000000087b00000|  0%| F|  |TAMS 0x0000000087a00000, 0x0000000087a00000| Untracked 
|  85|0x0000000087b00000, 0x0000000087b00000, 0x0000000087c00000|  0%| F|  |TAMS 0x0000000087b00000, 0x0000000087b00000| Untracked 
|  86|0x0000000087c00000, 0x0000000087c00000, 0x0000000087d00000|  0%| F|  |TAMS 0x0000000087c00000, 0x0000000087c00000| Untracked 
|  87|0x0000000087d00000, 0x0000000087d00000, 0x0000000087e00000|  0%| F|  |TAMS 0x0000000087d00000, 0x0000000087d00000| Untracked 
|  88|0x0000000087e00000, 0x0000000087e00000, 0x0000000087f00000|  0%| F|  |TAMS 0x0000000087e00000, 0x0000000087e00000| Untracked 
|  89|0x0000000087f00000, 0x0000000087f00000, 0x0000000088000000|  0%| F|  |TAMS 0x0000000087f00000, 0x0000000087f00000| Untracked 
|  90|0x0000000088000000, 0x0000000088000000, 0x0000000088100000|  0%| F|  |TAMS 0x0000000088000000, 0x0000000088000000| Untracked 
|  91|0x0000000088100000, 0x0000000088100000, 0x0000000088200000|  0%| F|  |TAMS 0x0000000088100000, 0x0000000088100000| Untracked 
|  92|0x0000000088200000, 0x0000000088200000, 0x0000000088300000|  0%| F|  |TAMS 0x0000000088200000, 0x0000000088200000| Untracked 
|  93|0x0000000088300000, 0x0000000088300000, 0x0000000088400000|  0%| F|  |TAMS 0x0000000088300000, 0x0000000088300000| Untracked 
|  94|0x0000000088400000, 0x0000000088400000, 0x0000000088500000|  0%| F|  |TAMS 0x0000000088400000, 0x0000000088400000| Untracked 
|  95|0x0000000088500000, 0x0000000088500000, 0x0000000088600000|  0%| F|  |TAMS 0x0000000088500000, 0x0000000088500000| Untracked 
|  96|0x0000000088600000, 0x0000000088600000, 0x0000000088700000|  0%| F|  |TAMS 0x0000000088600000, 0x0000000088600000| Untracked 
|  97|0x0000000088700000, 0x0000000088700000, 0x0000000088800000|  0%| F|  |TAMS 0x0000000088700000, 0x0000000088700000| Untracked 
|  98|0x0000000088800000, 0x0000000088800000, 0x0000000088900000|  0%| F|  |TAMS 0x0000000088800000, 0x0000000088800000| Untracked 
|  99|0x0000000088900000, 0x0000000088900000, 0x0000000088a00000|  0%| F|  |TAMS 0x0000000088900000, 0x0000000088900000| Untracked 
| 100|0x0000000088a00000, 0x0000000088a00000, 0x0000000088b00000|  0%| F|  |TAMS 0x0000000088a00000, 0x0000000088a00000| Untracked 
| 101|0x0000000088b00000, 0x0000000088b00000, 0x0000000088c00000|  0%| F|  |TAMS 0x0000000088b00000, 0x0000000088b00000| Untracked 
| 102|0x0000000088c00000, 0x0000000088c00000, 0x0000000088d00000|  0%| F|  |TAMS 0x0000000088c00000, 0x0000000088c00000| Untracked 
| 103|0x0000000088d00000, 0x0000000088d00000, 0x0000000088e00000|  0%| F|  |TAMS 0x0000000088d00000, 0x0000000088d00000| Untracked 
| 104|0x0000000088e00000, 0x0000000088e00000, 0x0000000088f00000|  0%| F|  |TAMS 0x0000000088e00000, 0x0000000088e00000| Untracked 
| 105|0x0000000088f00000, 0x0000000088f00000, 0x0000000089000000|  0%| F|  |TAMS 0x0000000088f00000, 0x0000000088f00000| Untracked 
| 106|0x0000000089000000, 0x0000000089000000, 0x0000000089100000|  0%| F|  |TAMS 0x0000000089000000, 0x0000000089000000| Untracked 
| 107|0x0000000089100000, 0x0000000089100000, 0x0000000089200000|  0%| F|  |TAMS 0x0000000089100000, 0x0000000089100000| Untracked 
| 108|0x0000000089200000, 0x0000000089200000, 0x0000000089300000|  0%| F|  |TAMS 0x0000000089200000, 0x0000000089200000| Untracked 
| 109|0x0000000089300000, 0x0000000089300000, 0x0000000089400000|  0%| F|  |TAMS 0x0000000089300000, 0x0000000089300000| Untracked 
| 110|0x0000000089400000, 0x0000000089400000, 0x0000000089500000|  0%| F|  |TAMS 0x0000000089400000, 0x0000000089400000| Untracked 
| 111|0x0000000089500000, 0x0000000089576440, 0x0000000089600000| 46%| E|  |TAMS 0x0000000089500000, 0x0000000089500000| Complete 
| 112|0x0000000089600000, 0x0000000089700000, 0x0000000089700000|100%| E|CS|TAMS 0x0000000089600000, 0x0000000089600000| Complete 
| 113|0x0000000089700000, 0x0000000089800000, 0x0000000089800000|100%| E|CS|TAMS 0x0000000089700000, 0x0000000089700000| Complete 
| 114|0x0000000089800000, 0x0000000089900000, 0x0000000089900000|100%| E|CS|TAMS 0x0000000089800000, 0x0000000089800000| Complete 
| 115|0x0000000089900000, 0x0000000089a00000, 0x0000000089a00000|100%| E|CS|TAMS 0x0000000089900000, 0x0000000089900000| Complete 
| 116|0x0000000089a00000, 0x0000000089b00000, 0x0000000089b00000|100%| E|CS|TAMS 0x0000000089a00000, 0x0000000089a00000| Complete 
| 117|0x0000000089b00000, 0x0000000089c00000, 0x0000000089c00000|100%| E|CS|TAMS 0x0000000089b00000, 0x0000000089b00000| Complete 
| 118|0x0000000089c00000, 0x0000000089d00000, 0x0000000089d00000|100%| E|  |TAMS 0x0000000089c00000, 0x0000000089c00000| Complete 
| 119|0x0000000089d00000, 0x0000000089e00000, 0x0000000089e00000|100%| E|CS|TAMS 0x0000000089d00000, 0x0000000089d00000| Complete 
| 120|0x0000000089e00000, 0x0000000089f00000, 0x0000000089f00000|100%| E|CS|TAMS 0x0000000089e00000, 0x0000000089e00000| Complete 
| 121|0x0000000089f00000, 0x000000008a000000, 0x000000008a000000|100%| E|CS|TAMS 0x0000000089f00000, 0x0000000089f00000| Complete 
| 122|0x000000008a000000, 0x000000008a100000, 0x000000008a100000|100%| E|CS|TAMS 0x000000008a000000, 0x000000008a000000| Complete 
| 123|0x000000008a100000, 0x000000008a200000, 0x000000008a200000|100%| E|CS|TAMS 0x000000008a100000, 0x000000008a100000| Complete 
| 124|0x000000008a200000, 0x000000008a300000, 0x000000008a300000|100%| E|CS|TAMS 0x000000008a200000, 0x000000008a200000| Complete 
| 125|0x000000008a300000, 0x000000008a400000, 0x000000008a400000|100%| E|CS|TAMS 0x000000008a300000, 0x000000008a300000| Complete 

Card table byte_map: [0x0000026f3dcd0000,0x0000026f3e0c0000] _byte_map_base: 0x0000026f3d8bd000

Marking Bits (Prev, Next): (CMBitMap*) 0x0000026f2a9205e8, (CMBitMap*) 0x0000026f2a920628
 Prev Bits: [0x0000026f3e4b0000, 0x0000026f40418000)
 Next Bits: [0x0000026f40420000, 0x0000026f42388000)

Polling page: 0x0000026f28710000

Metaspace:

Usage:
  Non-class:     11.95 MB capacity,    11.80 MB ( 99%) used,   136.73 KB (  1%) free+waste,    15.69 KB ( <1%) overhead. 
      Class:      1.27 MB capacity,     1.21 MB ( 95%) used,    57.60 KB (  4%) free+waste,     6.38 KB ( <1%) overhead. 
       Both:     13.22 MB capacity,    13.01 MB ( 98%) used,   194.34 KB (  1%) free+waste,    22.06 KB ( <1%) overhead. 

Virtual space:
  Non-class space:       12.00 MB reserved,      12.00 MB (100%) committed 
      Class space:        1.00 GB reserved,       1.38 MB ( <1%) committed 
             Both:        1.01 GB reserved,      13.38 MB (  1%) committed 

Chunk freelists:
   Non-Class:  52.00 KB
       Class:  13.00 KB
        Both:  65.00 KB

MaxMetaspaceSize: 17179869184.00 GB
CompressedClassSpaceSize: 1.00 GB

CodeHeap 'non-profiled nmethods': size=120000Kb used=267Kb max_used=267Kb free=119732Kb
 bounds [0x0000026f36080000, 0x0000026f362f0000, 0x0000026f3d5b0000]
CodeHeap 'profiled nmethods': size=120000Kb used=1264Kb max_used=1264Kb free=118735Kb
 bounds [0x0000026f2eb50000, 0x0000026f2edc0000, 0x0000026f36080000]
CodeHeap 'non-nmethods': size=5760Kb used=1353Kb max_used=1367Kb free=4406Kb
 bounds [0x0000026f2e5b0000, 0x0000026f2e820000, 0x0000026f2eb50000]
 total_blobs=1299 nmethods=745 adapters=467
 compilation: enabled
              stopped_count=0, restarted_count=0
 full_count=0

Compilation events (20 events):
Event: 1.022 Thread 0x0000026f45664000  742       3       java.awt.Color::getGreen (12 bytes)
Event: 1.022 Thread 0x0000026f45664000 nmethod 742 0x0000026f2ec88390 code [0x0000026f2ec88520, 0x0000026f2ec88638]
Event: 1.022 Thread 0x0000026f45664000  743       3       java.awt.Color::getBlue (11 bytes)
Event: 1.022 Thread 0x0000026f45664000 nmethod 743 0x0000026f2ec88710 code [0x0000026f2ec888a0, 0x0000026f2ec889b8]
Event: 1.022 Thread 0x0000026f45664000  739       3       java.awt.image.DirectColorModel::getBlue (45 bytes)
Event: 1.022 Thread 0x0000026f45664000 nmethod 739 0x0000026f2ec88a90 code [0x0000026f2ec88cc0, 0x0000026f2ec891c8]
Event: 1.022 Thread 0x0000026f45664000  732       3       java.awt.image.BufferedImage::getRGB (18 bytes)
Event: 1.022 Thread 0x0000026f45664000 nmethod 732 0x0000026f2ec89390 code [0x0000026f2ec89540, 0x0000026f2ec897f8]
Event: 1.022 Thread 0x0000026f45664000  733       3       sun.awt.image.IntegerInterleavedRaster::getDataElements (101 bytes)
Event: 1.023 Thread 0x0000026f460c5800  744       4       java.awt.image.DirectColorModel::getsRGBComponentFromsRGB (107 bytes)
Event: 1.023 Thread 0x0000026f45664000 nmethod 733 0x0000026f2ec89910 code [0x0000026f2ec89ae0, 0x0000026f2ec89fe8]
Event: 1.023 Thread 0x0000026f45664000  735       3       java.awt.image.DirectColorModel::getRGB (105 bytes)
Event: 1.023 Thread 0x0000026f45664000 nmethod 735 0x0000026f2ec8a210 code [0x0000026f2ec8a4a0, 0x0000026f2ec8ab38]
Event: 1.023 Thread 0x0000026f45664000  736       3       java.awt.image.DirectColorModel::getAlpha (54 bytes)
Event: 1.023 Thread 0x0000026f45664000 nmethod 736 0x0000026f2ec8ad90 code [0x0000026f2ec8af60, 0x0000026f2ec8b1f8]
Event: 1.023 Thread 0x0000026f45664000  737       3       java.awt.image.DirectColorModel::getRed (45 bytes)
Event: 1.023 Thread 0x0000026f45664000 nmethod 737 0x0000026f2ec8b390 code [0x0000026f2ec8b5c0, 0x0000026f2ec8bac8]
Event: 1.023 Thread 0x0000026f45664000  740       3       java.awt.Color::<init> (33 bytes)
Event: 1.023 Thread 0x0000026f45664000 nmethod 740 0x0000026f2ec8bc90 code [0x0000026f2ec8be40, 0x0000026f2ec8c038]
Event: 1.024 Thread 0x0000026f460c5800 nmethod 744 0x0000026f360c2490 code [0x0000026f360c26c0, 0x0000026f360c2a58]

GC Heap History (0 events):
No events

Deoptimization events (20 events):
Event: 1.020 Thread 0x0000026f2a8dd800 DEOPT PACKING pc=0x0000026f2ec82aca sp=0x000000aed6ffef20
Event: 1.020 Thread 0x0000026f2a8dd800 DEOPT UNPACKING pc=0x0000026f2e5f964e sp=0x000000aed6ffe390 mode 0
Event: 1.020 Thread 0x0000026f2a8dd800 DEOPT PACKING pc=0x0000026f2ec82aca sp=0x000000aed6ffef20
Event: 1.020 Thread 0x0000026f2a8dd800 DEOPT UNPACKING pc=0x0000026f2e5f964e sp=0x000000aed6ffe390 mode 0
Event: 1.020 Thread 0x0000026f2a8dd800 DEOPT PACKING pc=0x0000026f2ec82aca sp=0x000000aed6ffef20
Event: 1.020 Thread 0x0000026f2a8dd800 DEOPT UNPACKING pc=0x0000026f2e5f964e sp=0x000000aed6ffe390 mode 0
Event: 1.020 Thread 0x0000026f2a8dd800 DEOPT PACKING pc=0x0000026f2ec82aca sp=0x000000aed6ffef20
Event: 1.020 Thread 0x0000026f2a8dd800 DEOPT UNPACKING pc=0x0000026f2e5f964e sp=0x000000aed6ffe390 mode 0
Event: 1.020 Thread 0x0000026f2a8dd800 DEOPT PACKING pc=0x0000026f2ec82aca sp=0x000000aed6ffef20
Event: 1.020 Thread 0x0000026f2a8dd800 DEOPT UNPACKING pc=0x0000026f2e5f964e sp=0x000000aed6ffe390 mode 0
Event: 1.020 Thread 0x0000026f2a8dd800 DEOPT PACKING pc=0x0000026f2ec82aca sp=0x000000aed6ffef20
Event: 1.020 Thread 0x0000026f2a8dd800 DEOPT UNPACKING pc=0x0000026f2e5f964e sp=0x000000aed6ffe390 mode 0
Event: 1.020 Thread 0x0000026f2a8dd800 DEOPT PACKING pc=0x0000026f2ec82aca sp=0x000000aed6ffef20
Event: 1.020 Thread 0x0000026f2a8dd800 DEOPT UNPACKING pc=0x0000026f2e5f964e sp=0x000000aed6ffe390 mode 0
Event: 1.020 Thread 0x0000026f2a8dd800 DEOPT PACKING pc=0x0000026f2ec82aca sp=0x000000aed6ffef20
Event: 1.020 Thread 0x0000026f2a8dd800 DEOPT UNPACKING pc=0x0000026f2e5f964e sp=0x000000aed6ffe390 mode 0
Event: 1.021 Thread 0x0000026f2a8dd800 DEOPT PACKING pc=0x0000026f2ec82aca sp=0x000000aed6ffef20
Event: 1.021 Thread 0x0000026f2a8dd800 DEOPT UNPACKING pc=0x0000026f2e5f964e sp=0x000000aed6ffe390 mode 0
Event: 1.021 Thread 0x0000026f2a8dd800 DEOPT PACKING pc=0x0000026f2ec82aca sp=0x000000aed6ffef20
Event: 1.021 Thread 0x0000026f2a8dd800 DEOPT UNPACKING pc=0x0000026f2e5f964e sp=0x000000aed6ffe390 mode 0

Classes unloaded (0 events):
No events

Classes redefined (0 events):
No events

Internal exceptions (5 events):
Event: 0.729 Thread 0x0000026f2a8dd800 Exception <a 'java/lang/ClassNotFoundException'{0x0000000089e539a0}: sun/awt/resources/spi/awtProvider> (0x0000000089e539a0) 
thrown [./open/src/hotspot/share/classfile/systemDictionary.cpp, line 226]
Event: 0.751 Thread 0x0000026f2a8dd800 Exception <a 'java/io/FileNotFoundException'{0x0000000089eb39b8}> (0x0000000089eb39b8) 
thrown [./open/src/hotspot/share/prims/jni.cpp, line 599]
Event: 0.758 Thread 0x0000026f2a8dd800 Exception <a 'java/io/FileNotFoundException'{0x0000000089edbe48}> (0x0000000089edbe48) 
thrown [./open/src/hotspot/share/prims/jni.cpp, line 599]
Event: 0.883 Thread 0x0000026f45f22000 Exception <a 'java/lang/NoSuchMethodError'{0x0000000089c7e168}: 'void java.lang.invoke.DirectMethodHandle$Holder.invokeSpecial(java.lang.Object, java.lang.Object)'> (0x0000000089c7e168) 
thrown [./open/src/hotspot/share/interpreter/linkResolver.cpp, line 766]
Event: 1.025 Thread 0x0000026f2a8dd800 Exception <a 'java/lang/ArrayIndexOutOfBoundsException'{0x00000000897268a8}: Index 3 out of bounds for length 3> (0x00000000897268a8) 
thrown [./open/src/hotspot/share/interpreter/interpreterRuntime.cpp, line 458]

Events (20 events):
Event: 3021.559 loading class java/awt/event/InputMethodEvent
Event: 3021.559 loading class java/awt/event/InputMethodEvent done
Event: 3021.559 loading class java/awt/event/ActionEvent
Event: 3021.560 loading class java/awt/event/ActionEvent done
Event: 3021.595 Executing VM operation: HandshakeOneThread
Event: 3021.595 Executing VM operation: HandshakeOneThread done
Event: 3021.595 loading class java/util/Collections$SynchronizedSet
Event: 3021.596 loading class java/util/Collections$SynchronizedSet done
Event: 3021.596 loading class java/util/WeakHashMap$KeyIterator
Event: 3021.596 loading class java/util/WeakHashMap$HashIterator
Event: 3021.596 loading class java/util/WeakHashMap$HashIterator done
Event: 3021.596 loading class java/util/WeakHashMap$KeyIterator done
Event: 3021.599 loading class java/util/concurrent/locks/AbstractQueuedSynchronizer$ExclusiveNode
Event: 3021.600 loading class java/util/concurrent/locks/AbstractQueuedSynchronizer$ConditionNode
Event: 3021.600 loading class java/util/concurrent/locks/AbstractQueuedSynchronizer$Node
Event: 3021.600 loading class java/util/concurrent/ForkJoinPool$ManagedBlocker
Event: 3021.600 loading class java/util/concurrent/ForkJoinPool$ManagedBlocker done
Event: 3021.600 loading class java/util/concurrent/locks/AbstractQueuedSynchronizer$Node done
Event: 3021.600 loading class java/util/concurrent/locks/AbstractQueuedSynchronizer$ExclusiveNode done
Event: 3021.600 loading class java/util/concurrent/locks/AbstractQueuedSynchronizer$ConditionNode done


Dynamic libraries:
0x00007ff686820000 - 0x00007ff68682d000 	C:\Users\MyPC\.p2\pool\plugins\org.eclipse.justj.openjdk.hotspot.jre.full.win32.x86_64_14.0.2.v20200815-0932\jre\bin\javaw.exe
0x00007ffe3f0f0000 - 0x00007ffe3f2e5000 	C:\WINDOWS\SYSTEM32\ntdll.dll
0x00007ffe3ecc0000 - 0x00007ffe3ed7e000 	C:\WINDOWS\System32\KERNEL32.DLL
0x00007ffe3cca0000 - 0x00007ffe3cf68000 	C:\WINDOWS\System32\KERNELBASE.dll
0x00007ffe3d050000 - 0x00007ffe3d150000 	C:\WINDOWS\System32\ucrtbase.dll
0x00007ffe291f0000 - 0x00007ffe29208000 	C:\Users\MyPC\.p2\pool\plugins\org.eclipse.justj.openjdk.hotspot.jre.full.win32.x86_64_14.0.2.v20200815-0932\jre\bin\jli.dll
0x00007ffe15750000 - 0x00007ffe15765000 	C:\Users\MyPC\.p2\pool\plugins\org.eclipse.justj.openjdk.hotspot.jre.full.win32.x86_64_14.0.2.v20200815-0932\jre\bin\VCRUNTIME140.dll
0x00007ffe3dbb0000 - 0x00007ffe3dd50000 	C:\WINDOWS\System32\USER32.dll
0x00007ffe277f0000 - 0x00007ffe27a8a000 	C:\WINDOWS\WinSxS\amd64_microsoft.windows.common-controls_6595b64144ccf1df_6.0.19041.1110_none_60b5254171f9507e\COMCTL32.dll
0x00007ffe3cc70000 - 0x00007ffe3cc92000 	C:\WINDOWS\System32\win32u.dll
0x00007ffe3ed80000 - 0x00007ffe3ee1e000 	C:\WINDOWS\System32\msvcrt.dll
0x00007ffe3ee20000 - 0x00007ffe3ee4a000 	C:\WINDOWS\System32\GDI32.dll
0x00007ffe3c920000 - 0x00007ffe3ca2b000 	C:\WINDOWS\System32\gdi32full.dll
0x00007ffe3c880000 - 0x00007ffe3c91d000 	C:\WINDOWS\System32\msvcp_win.dll
0x00007ffe3e840000 - 0x00007ffe3e870000 	C:\WINDOWS\System32\IMM32.DLL
0x00007ffe05ba0000 - 0x00007ffe05c3b000 	C:\Users\MyPC\.p2\pool\plugins\org.eclipse.justj.openjdk.hotspot.jre.full.win32.x86_64_14.0.2.v20200815-0932\jre\bin\msvcp140.dll
0x00007ffdd6fb0000 - 0x00007ffdd7ace000 	C:\Users\MyPC\.p2\pool\plugins\org.eclipse.justj.openjdk.hotspot.jre.full.win32.x86_64_14.0.2.v20200815-0932\jre\bin\server\jvm.dll
0x00007ffe3d220000 - 0x00007ffe3d2ce000 	C:\WINDOWS\System32\ADVAPI32.dll
0x00007ffe3daa0000 - 0x00007ffe3db3c000 	C:\WINDOWS\System32\sechost.dll
0x00007ffe3ea40000 - 0x00007ffe3eb65000 	C:\WINDOWS\System32\RPCRT4.dll
0x00007ffe3ecb0000 - 0x00007ffe3ecb8000 	C:\WINDOWS\System32\PSAPI.DLL
0x00007ffe37400000 - 0x00007ffe37409000 	C:\WINDOWS\SYSTEM32\WSOCK32.dll
0x00007ffe22ca0000 - 0x00007ffe22cc7000 	C:\WINDOWS\SYSTEM32\WINMM.dll
0x00007ffe2f850000 - 0x00007ffe2f85a000 	C:\WINDOWS\SYSTEM32\VERSION.dll
0x00007ffe3db40000 - 0x00007ffe3dbab000 	C:\WINDOWS\System32\WS2_32.dll
0x00007ffe3a730000 - 0x00007ffe3a742000 	C:\WINDOWS\SYSTEM32\kernel.appcore.dll
0x00007ffe373f0000 - 0x00007ffe373fa000 	C:\Users\MyPC\.p2\pool\plugins\org.eclipse.justj.openjdk.hotspot.jre.full.win32.x86_64_14.0.2.v20200815-0932\jre\bin\jimage.dll
0x00007ffe2c820000 - 0x00007ffe2ca04000 	C:\WINDOWS\SYSTEM32\DBGHELP.DLL
0x00007ffe27e70000 - 0x00007ffe27e9c000 	C:\WINDOWS\SYSTEM32\dbgcore.DLL
0x00007ffe3cfc0000 - 0x00007ffe3d042000 	C:\WINDOWS\System32\bcryptPrimitives.dll
0x00007ffe11210000 - 0x00007ffe11248000 	C:\Users\MyPC\.p2\pool\plugins\org.eclipse.justj.openjdk.hotspot.jre.full.win32.x86_64_14.0.2.v20200815-0932\jre\bin\jdwp.dll
0x00007ffe1cdf0000 - 0x00007ffe1ce15000 	C:\Users\MyPC\.p2\pool\plugins\org.eclipse.justj.openjdk.hotspot.jre.full.win32.x86_64_14.0.2.v20200815-0932\jre\bin\java.dll
0x00007ffe378b0000 - 0x00007ffe378be000 	C:\Users\MyPC\.p2\pool\plugins\org.eclipse.justj.openjdk.hotspot.jre.full.win32.x86_64_14.0.2.v20200815-0932\jre\bin\instrument.dll
0x00007ffe1d0e0000 - 0x00007ffe1d0f6000 	C:\Users\MyPC\.p2\pool\plugins\org.eclipse.justj.openjdk.hotspot.jre.full.win32.x86_64_14.0.2.v20200815-0932\jre\bin\zip.dll
0x00007ffe3d2d0000 - 0x00007ffe3da14000 	C:\WINDOWS\System32\SHELL32.dll
0x00007ffe3a930000 - 0x00007ffe3b0c4000 	C:\WINDOWS\SYSTEM32\windows.storage.dll
0x00007ffe3e3d0000 - 0x00007ffe3e724000 	C:\WINDOWS\System32\combase.dll
0x00007ffe3c280000 - 0x00007ffe3c2ac000 	C:\WINDOWS\SYSTEM32\Wldp.dll
0x00007ffe3d150000 - 0x00007ffe3d1fd000 	C:\WINDOWS\System32\SHCORE.dll
0x00007ffe3e730000 - 0x00007ffe3e785000 	C:\WINDOWS\System32\shlwapi.dll
0x00007ffe3c750000 - 0x00007ffe3c76f000 	C:\WINDOWS\SYSTEM32\profapi.dll
0x00007ffe2c030000 - 0x00007ffe2c03b000 	C:\Users\MyPC\.p2\pool\plugins\org.eclipse.justj.openjdk.hotspot.jre.full.win32.x86_64_14.0.2.v20200815-0932\jre\bin\dt_socket.dll
0x00007ffe3bc80000 - 0x00007ffe3bcbb000 	C:\WINDOWS\SYSTEM32\IPHLPAPI.DLL
0x00007ffe3bfe0000 - 0x00007ffe3c04a000 	C:\WINDOWS\system32\mswsock.dll
0x00007ffe3bcd0000 - 0x00007ffe3bd9b000 	C:\WINDOWS\SYSTEM32\DNSAPI.dll
0x00007ffe3efd0000 - 0x00007ffe3efd8000 	C:\WINDOWS\System32\NSI.dll
0x00007ffe330c0000 - 0x00007ffe330ca000 	C:\Windows\System32\rasadhlp.dll
0x00007ffe2fa20000 - 0x00007ffe2fa9f000 	C:\WINDOWS\System32\fwpuclnt.dll
0x00007ffe3cb90000 - 0x00007ffe3cbb7000 	C:\WINDOWS\System32\bcrypt.dll
0x00007ffe17440000 - 0x00007ffe17459000 	C:\Users\MyPC\.p2\pool\plugins\org.eclipse.justj.openjdk.hotspot.jre.full.win32.x86_64_14.0.2.v20200815-0932\jre\bin\net.dll
0x00007ffe34fc0000 - 0x00007ffe350ca000 	C:\WINDOWS\SYSTEM32\WINHTTP.dll
0x00007ffe157f0000 - 0x00007ffe15802000 	C:\Users\MyPC\.p2\pool\plugins\org.eclipse.justj.openjdk.hotspot.jre.full.win32.x86_64_14.0.2.v20200815-0932\jre\bin\nio.dll
0x00007ffe2c1c0000 - 0x00007ffe2c1d0000 	C:\Users\MyPC\.p2\pool\plugins\org.eclipse.justj.openjdk.hotspot.jre.full.win32.x86_64_14.0.2.v20200815-0932\jre\bin\verify.dll
0x00007ffe02360000 - 0x00007ffe024f8000 	C:\Users\MyPC\.p2\pool\plugins\org.eclipse.justj.openjdk.hotspot.jre.full.win32.x86_64_14.0.2.v20200815-0932\jre\bin\awt.dll
0x00007ffe3efe0000 - 0x00007ffe3f0ad000 	C:\WINDOWS\System32\OLEAUT32.dll
0x00007ffe3a070000 - 0x00007ffe3a100000 	C:\WINDOWS\SYSTEM32\apphelp.dll
0x00007ffe3a440000 - 0x00007ffe3a46f000 	C:\WINDOWS\system32\DWMAPI.DLL
0x00007ffe3a1b0000 - 0x00007ffe3a24e000 	C:\WINDOWS\system32\uxtheme.dll
0x00007ffe11ae0000 - 0x00007ffe11c06000 	C:\WINDOWS\system32\opengl32.dll
0x00007ffe13000000 - 0x00007ffe1302c000 	C:\WINDOWS\SYSTEM32\GLU32.dll
0x00007ffe02bb0000 - 0x00007ffe02ce8000 	C:\ProgramData\A-Volute\A-Volute.Nahimic\Modules\Scheduled\x64\AudioDevProps2.dll
0x00007ffe3eb80000 - 0x00007ffe3ecaa000 	C:\WINDOWS\System32\ole32.dll
0x00007ffe3ee50000 - 0x00007ffe3ef65000 	C:\WINDOWS\System32\MSCTF.dll

dbghelp: loaded successfully - version: 4.0.5 - missing functions: none
symbol engine: initialized successfully - sym options: 0x614 - pdb path: .;C:\Users\MyPC\.p2\pool\plugins\org.eclipse.justj.openjdk.hotspot.jre.full.win32.x86_64_14.0.2.v20200815-0932\jre\bin;C:\WINDOWS\SYSTEM32;C:\WINDOWS\WinSxS\amd64_microsoft.windows.common-controls_6595b64144ccf1df_6.0.19041.1110_none_60b5254171f9507e;C:\Users\MyPC\.p2\pool\plugins\org.eclipse.justj.openjdk.hotspot.jre.full.win32.x86_64_14.0.2.v20200815-0932\jre\bin\server;C:\ProgramData\A-Volute\A-Volute.Nahimic\Modules\Scheduled\x64

VM Arguments:
jvm_args: -XX:+ShowCodeDetailsInExceptionMessages -agentlib:jdwp=transport=dt_socket,suspend=y,address=localhost:50251 -javaagent:C:\Users\MyPC\eclipse\java-2020-09\eclipse\configuration\org.eclipse.osgi\215\0\.cp\lib\javaagent-shaded.jar -Dfile.encoding=Cp1252 
java_command: CuoiKhoa.robot
java_class_path (initial): D:\GraphicsComputer\bin;D:\JGL
Launcher Type: SUN_STANDARD

[Global flags]
     intx CICompilerCount                          = 4                                         {product} {ergonomic}
     uint ConcGCThreads                            = 2                                         {product} {ergonomic}
     uint G1ConcRefinementThreads                  = 8                                         {product} {ergonomic}
   size_t G1HeapRegionSize                         = 1048576                                   {product} {ergonomic}
    uintx GCDrainStackTargetSize                   = 64                                        {product} {ergonomic}
   size_t InitialHeapSize                          = 132120576                                 {product} {ergonomic}
   size_t MarkStackSize                            = 4194304                                   {product} {ergonomic}
   size_t MaxHeapSize                              = 2107637760                                {product} {ergonomic}
   size_t MaxNewSize                               = 1264582656                                {product} {ergonomic}
   size_t MinHeapDeltaBytes                        = 1048576                                   {product} {ergonomic}
   size_t MinHeapSize                              = 8388608                                   {product} {ergonomic}
    uintx NonNMethodCodeHeapSize                   = 5839372                                {pd product} {ergonomic}
    uintx NonProfiledCodeHeapSize                  = 122909434                              {pd product} {ergonomic}
    uintx ProfiledCodeHeapSize                     = 122909434                              {pd product} {ergonomic}
    uintx ReservedCodeCacheSize                    = 251658240                              {pd product} {ergonomic}
     bool SegmentedCodeCache                       = true                                      {product} {ergonomic}
     bool ShowCodeDetailsInExceptionMessages       = true                                   {manageable} {command line}
   size_t SoftMaxHeapSize                          = 2107637760                             {manageable} {ergonomic}
     bool UseCompressedClassPointers               = true                                 {lp64_product} {ergonomic}
     bool UseCompressedOops                        = true                                 {lp64_product} {ergonomic}
     bool UseG1GC                                  = true                                      {product} {ergonomic}
     bool UseLargePagesIndividualAllocation        = false                                  {pd product} {ergonomic}

Logging:
Log output configuration:
 #0: stdout all=warning uptime,level,tags
 #1: stderr all=off uptime,level,tags

Environment Variables:
PATH=C:\Users\MyPC\.p2\pool\plugins\org.eclipse.justj.openjdk.hotspot.jre.full.win32.x86_64_14.0.2.v20200815-0932\jre\bin;C:/Users/MyPC/.p2/pool/plugins/org.eclipse.justj.openjdk.hotspot.jre.full.win32.x86_64_14.0.2.v20200815-0932/jre/bin/server;C:/Users/MyPC/.p2/pool/plugins/org.eclipse.justj.openjdk.hotspot.jre.full.win32.x86_64_14.0.2.v20200815-0932/jre/bin;C:\Program Files\Microsoft MPI\Bin\;C:\Program Files\Common Files\Oracle\Java\javapath;C:\Windows\system32;C:\Windows;C:\Windows\System32\Wbem;C:\Windows\System32\WindowsPowerShell\v1.0\;C:\Windows\System32\OpenSSH\;C:\Program Files (x86)\NVIDIA Corporation\PhysX\Common;C:\Program Files\dotnet\;C:\Program Files\Microsoft SQL Server\130\Tools\Binn\;C:\Program Files\Microsoft SQL Server\Client SDK\ODBC\170\Tools\Binn\;C:\WINDOWS\system32;C:\WINDOWS;C:\WINDOWS\System32\Wbem;C:\WINDOWS\System32\WindowsPowerShell\v1.0\;C:\WINDOWS\System32\OpenSSH\;C:\Program Files (x86)\Microsoft SQL Server\150\Tools\Binn\;C:\Program Files\Microsoft SQL Server\150\Tools\Binn\;C:\Program Files\Microsoft SQL Server\150\DTS\Binn\;C:\Program Files\Azure Data Studio\bin;C:\Program Files\Microsoft VS Code\bin;C:\Program Files\nodejs\;C:\Users\MyPC\AppData\Local\Microsoft\WindowsApps;C:\Users\MyPC\.dotnet\tools;;C:\Program Files\Azure Data Studio\bin;C:\Users\MyPC\AppData\Roaming\npm;C:\WINDOWS\system32;
USERNAME=MyPC
OS=Windows_NT
PROCESSOR_IDENTIFIER=Intel64 Family 6 Model 158 Stepping 13, GenuineIntel



---------------  S Y S T E M  ---------------

OS: Windows 10 , 64 bit Build 19041 (10.0.19041.1645)
OS uptime: 0 days 2:08 hours

CPU:total 8 (initial active 8) (4 cores per cpu, 2 threads per core) family 6 model 158 stepping 13, cmov, cx8, fxsr, mmx, sse, sse2, sse3, ssse3, sse4.1, sse4.2, popcnt, avx, avx2, aes, clmul, erms, 3dnowpref, lzcnt, ht, tsc, tscinvbit, bmi1, bmi2, adx, fma

Memory: 4k page, system-wide physical 8036M (964M free)
TotalPageFile size 16228M (AvailPageFile size 0M)
current process WorkingSet (physical memory assigned to process): 39M, peak: 74M
current process commit charge ("private bytes"): 214M, peak: 222M

vm_info: OpenJDK 64-Bit Server VM (14.0.2+12-46) for windows-amd64 JRE (14.0.2+12-46), built on Jul  9 2020 00:31:16 by "mach5one" with MS VC++ 15.9 (VS2017)

END.
