#
# There is insufficient memory for the Java Runtime Environment to continue.
# Native memory allocation (malloc) failed to allocate 38176 bytes for Chunk::new
# Possible reasons:
#   The system is out of physical RAM or swap space
#   The process is running with CompressedOops enabled, and the Java Heap may be blocking the growth of the native heap
# Possible solutions:
#   Reduce memory load on the system
#   Increase physical memory or swap space
#   Check if swap backing store is full
#   Decrease Java heap size (-Xmx/-Xms)
#   Decrease number of Java threads
#   Decrease Java thread stack sizes (-Xss)
#   Set larger code cache with -XX:ReservedCodeCacheSize=
#   JVM is running with Unscaled Compressed Oops mode in which the Java heap is
#     placed in the first 4GB address space. The Java Heap base address is the
#     maximum limit for the native heap growth. Please use -XX:HeapBaseMinAddress
#     to set the Java Heap base and to place the Java Heap above 4GB virtual address.
# This output file may be truncated or incomplete.
#
#  Out of Memory Error (./open/src/hotspot/share/memory/arena.cpp:195), pid=17904, tid=17532
#
# JRE version: OpenJDK Runtime Environment (14.0.2+12) (build 14.0.2+12-46)
# Java VM: OpenJDK 64-Bit Server VM (14.0.2+12-46, mixed mode, tiered, compressed oops, g1 gc, windows-amd64)
# No core dump will be written. Minidumps are not enabled by default on client versions of Windows
#

---------------  S U M M A R Y ------------

Command Line: -XX:+ShowCodeDetailsInExceptionMessages -agentlib:jdwp=transport=dt_socket,suspend=y,address=localhost:51740 -javaagent:C:\Users\MyPC\eclipse\java-2020-09\eclipse\configuration\org.eclipse.osgi\215\0\.cp\lib\javaagent-shaded.jar -Dfile.encoding=Cp1252 TH5.texturesurf

Host: Intel(R) Core(TM) i5-9300H CPU @ 2.40GHz, 8 cores, 7G,  Windows 10 , 64 bit Build 19041 (10.0.19041.1645)
Time: Wed May 11 10:18:17 2022 SE Asia Standard Time elapsed time: 1385 seconds (0d 0h 23m 5s)

---------------  T H R E A D  ---------------

Current thread (0x0000027c25087800):  JavaThread "AWT-EventQueue-0" [_thread_in_vm, id=17532, stack(0x000000ba87d00000,0x000000ba87e00000)]

Stack: [0x000000ba87d00000,0x000000ba87e00000]
Native frames: (J=compiled Java code, j=interpreted, Vv=VM code, C=native code)
V  [jvm.dll+0x5f8a9a]
V  [jvm.dll+0x74247a]
V  [jvm.dll+0x743c2f]
V  [jvm.dll+0x744273]
V  [jvm.dll+0x20d288]
V  [jvm.dll+0xabb07]
V  [jvm.dll+0xac1fc]
V  [jvm.dll+0x1c38f3]
V  [jvm.dll+0x1c25b0]
V  [jvm.dll+0x6cbe9a]
V  [jvm.dll+0x6cd469]
V  [jvm.dll+0x6cd97d]
V  [jvm.dll+0x6cd7c3]
V  [jvm.dll+0x206e08]
V  [jvm.dll+0x207062]
V  [jvm.dll+0x4ed7e8]
V  [jvm.dll+0x4f016d]
V  [jvm.dll+0x33ac33]
V  [jvm.dll+0x33a1ff]
C  0x0000027c0d03dcf8

Java frames: (J=compiled Java code, j=interpreted, Vv=VM code)
j  java.util.concurrent.locks.AbstractQueuedSynchronizer$ConditionObject.await()V+89 java.base@14.0.2
j  java.awt.EventQueue.getNextEvent()Ljava/awt/AWTEvent;+52 java.desktop@14.0.2
j  java.awt.EventDispatchThread.pumpOneEventForFilters(I)V+20 java.desktop@14.0.2
j  java.awt.EventDispatchThread.pumpEventsForFilter(ILjava/awt/Conditional;Ljava/awt/EventFilter;)V+35 java.desktop@14.0.2
j  java.awt.EventDispatchThread.pumpEventsForHierarchy(ILjava/awt/Conditional;Ljava/awt/Component;)V+11 java.desktop@14.0.2
j  java.awt.EventDispatchThread.pumpEvents(ILjava/awt/Conditional;)V+4 java.desktop@14.0.2
j  java.awt.EventDispatchThread.pumpEvents(Ljava/awt/Conditional;)V+3 java.desktop@14.0.2
j  java.awt.EventDispatchThread.run()V+9 java.desktop@14.0.2
v  ~StubRoutines::call_stub

---------------  P R O C E S S  ---------------

Threads class SMR info:
_java_thread_list=0x0000027c24be7a90, length=18, elements={
0x0000027c0933c800, 0x0000027c2388e800, 0x0000027c24094000, 0x0000027c240ce800,
0x0000027c240cf800, 0x0000027c240d0800, 0x0000027c240d8000, 0x0000027c240e4800,
0x0000027c240fa000, 0x0000027c23817800, 0x0000027c24478800, 0x0000027c243fa000,
0x0000027c243fd000, 0x0000027c24954000, 0x0000027c24afc800, 0x0000027c24b41800,
0x0000027c24b78800, 0x0000027c25087800
}

Java Threads: ( => current thread )
  0x0000027c0933c800 JavaThread "main" [_thread_blocked, id=3028, stack(0x000000ba87f00000,0x000000ba88000000)]
  0x0000027c2388e800 JavaThread "Reference Handler" daemon [_thread_blocked, id=13768, stack(0x000000ba88600000,0x000000ba88700000)]
  0x0000027c24094000 JavaThread "Finalizer" daemon [_thread_blocked, id=18220, stack(0x000000ba88700000,0x000000ba88800000)]
  0x0000027c240ce800 JavaThread "Signal Dispatcher" daemon [_thread_blocked, id=16712, stack(0x000000ba88800000,0x000000ba88900000)]
  0x0000027c240cf800 JavaThread "Attach Listener" daemon [_thread_blocked, id=4940, stack(0x000000ba88900000,0x000000ba88a00000)]
  0x0000027c240d0800 JavaThread "Service Thread" daemon [_thread_blocked, id=17404, stack(0x000000ba88a00000,0x000000ba88b00000)]
  0x0000027c240d8000 JavaThread "C2 CompilerThread0" daemon [_thread_blocked, id=18324, stack(0x000000ba88b00000,0x000000ba88c00000)]
  0x0000027c240e4800 JavaThread "C1 CompilerThread0" daemon [_thread_blocked, id=18296, stack(0x000000ba88c00000,0x000000ba88d00000)]
  0x0000027c240fa000 JavaThread "Sweeper thread" daemon [_thread_blocked, id=18052, stack(0x000000ba88d00000,0x000000ba88e00000)]
  0x0000027c23817800 JavaThread "Common-Cleaner" daemon [_thread_blocked, id=17664, stack(0x000000ba88e00000,0x000000ba88f00000)]
  0x0000027c24478800 JavaThread "JDWP Transport Listener: dt_socket" daemon [_thread_blocked, id=16300, stack(0x000000ba89000000,0x000000ba89100000)]
  0x0000027c243fa000 JavaThread "JDWP Event Helper Thread" daemon [_thread_blocked, id=8224, stack(0x000000ba89100000,0x000000ba89200000)]
  0x0000027c243fd000 JavaThread "JDWP Command Reader" daemon [_thread_in_native, id=16104, stack(0x000000ba89200000,0x000000ba89300000)]
  0x0000027c24954000 JavaThread "Notification Thread" daemon [_thread_blocked, id=3144, stack(0x000000ba88f00000,0x000000ba89000000)]
  0x0000027c24afc800 JavaThread "Java2D Disposer" daemon [_thread_blocked, id=16180, stack(0x000000ba89500000,0x000000ba89600000)]
  0x0000027c24b41800 JavaThread "AWT-Windows" daemon [_thread_in_native, id=17384, stack(0x000000ba89700000,0x000000ba89800000)]
  0x0000027c24b78800 JavaThread "AWT-Shutdown" [_thread_blocked, id=6556, stack(0x000000ba87c00000,0x000000ba87d00000)]
=>0x0000027c25087800 JavaThread "AWT-EventQueue-0" [_thread_in_vm, id=17532, stack(0x000000ba87d00000,0x000000ba87e00000)]

Other Threads:
  0x0000027c2387b800 VMThread "VM Thread" [stack: 0x000000ba88500000,0x000000ba88600000] [id=16652]
  0x0000027c2448e000 WatcherThread [stack: 0x000000ba89300000,0x000000ba89400000] [id=1744]
  0x0000027c0937d800 GCTaskThread "GC Thread#0" [stack: 0x000000ba88000000,0x000000ba88100000] [id=16760]
  0x0000027c249de000 GCTaskThread "GC Thread#1" [stack: 0x000000ba89800000,0x000000ba89900000] [id=16492]
  0x0000027c2501c800 GCTaskThread "GC Thread#2" [stack: 0x000000ba89900000,0x000000ba89a00000] [id=6632]
  0x0000027c24cac000 GCTaskThread "GC Thread#3" [stack: 0x000000ba89a00000,0x000000ba89b00000] [id=5716]
  0x0000027c09391800 ConcurrentGCThread "G1 Main Marker" [stack: 0x000000ba88100000,0x000000ba88200000] [id=17880]
  0x0000027c09392800 ConcurrentGCThread "G1 Conc#0" [stack: 0x000000ba88200000,0x000000ba88300000] [id=4492]
  0x0000027c236a3800 ConcurrentGCThread "G1 Refine#0" [stack: 0x000000ba88300000,0x000000ba88400000] [id=18180]
  0x0000027c236a4000 ConcurrentGCThread "G1 Young RemSet Sampling" [stack: 0x000000ba88400000,0x000000ba88500000] [id=8796]

Threads with active compile tasks:

VM state:not at safepoint (normal execution)

VM Mutex/Monitor currently owned by a thread: None

Heap address: 0x0000000082600000, size: 2010 MB, Compressed Oops mode: 32-bit
Narrow klass base: 0x0000000000000000, Narrow klass shift: 3
Compressed class space size: 1073741824 Address: 0x0000000100000000

Heap:
 garbage-first heap   total 129024K, used 26416K [0x0000000082600000, 0x0000000100000000)
  region size 1024K, 14 young (14336K), 3 survivors (3072K)
 Metaspace       used 13331K, capacity 13503K, committed 13696K, reserved 1060864K
  class space    used 1271K, capacity 1331K, committed 1408K, reserved 1048576K
Heap Regions: E=young(eden), S=young(survivor), O=old, HS=humongous(starts), HC=humongous(continues), CS=collection set, F=free, OA=open archive, CA=closed archive, TAMS=top-at-mark-start (previous, next)
|   0|0x0000000082600000, 0x0000000082700000, 0x0000000082700000|100%| O|  |TAMS 0x0000000082600000, 0x0000000082600000| Untracked 
|   1|0x0000000082700000, 0x0000000082800000, 0x0000000082800000|100%| O|  |TAMS 0x0000000082700000, 0x0000000082700000| Untracked 
|   2|0x0000000082800000, 0x0000000082900000, 0x0000000082900000|100%| O|  |TAMS 0x0000000082800000, 0x0000000082800000| Untracked 
|   3|0x0000000082900000, 0x0000000082a00000, 0x0000000082a00000|100%| O|  |TAMS 0x0000000082900000, 0x0000000082900000| Untracked 
|   4|0x0000000082a00000, 0x0000000082b00000, 0x0000000082b00000|100%| O|  |TAMS 0x0000000082a00000, 0x0000000082a00000| Untracked 
|   5|0x0000000082b00000, 0x0000000082c00000, 0x0000000082c00000|100%| O|  |TAMS 0x0000000082b00000, 0x0000000082b00000| Untracked 
|   6|0x0000000082c00000, 0x0000000082d00000, 0x0000000082d00000|100%| O|  |TAMS 0x0000000082c00000, 0x0000000082c00000| Untracked 
|   7|0x0000000082d00000, 0x0000000082e00000, 0x0000000082e00000|100%| O|  |TAMS 0x0000000082d00000, 0x0000000082d00000| Untracked 
|   8|0x0000000082e00000, 0x0000000082f00000, 0x0000000082f00000|100%| O|  |TAMS 0x0000000082e00000, 0x0000000082e00000| Untracked 
|   9|0x0000000082f00000, 0x0000000083000000, 0x0000000083000000|100%| O|  |TAMS 0x0000000082f00000, 0x0000000082f00000| Untracked 
|  10|0x0000000083000000, 0x00000000830cc000, 0x0000000083100000| 79%| O|  |TAMS 0x0000000083000000, 0x0000000083000000| Untracked 
|  11|0x0000000083100000, 0x0000000083200000, 0x0000000083200000|100%|HS|  |TAMS 0x0000000083100000, 0x0000000083100000| Complete 
|  12|0x0000000083200000, 0x0000000083300000, 0x0000000083300000|100%|HC|  |TAMS 0x0000000083200000, 0x0000000083200000| Complete 
|  13|0x0000000083300000, 0x0000000083400000, 0x0000000083400000|100%|HC|  |TAMS 0x0000000083300000, 0x0000000083300000| Complete 
|  14|0x0000000083400000, 0x0000000083400000, 0x0000000083500000|  0%| F|  |TAMS 0x0000000083400000, 0x0000000083400000| Untracked 
|  15|0x0000000083500000, 0x0000000083500000, 0x0000000083600000|  0%| F|  |TAMS 0x0000000083500000, 0x0000000083500000| Untracked 
|  16|0x0000000083600000, 0x0000000083600000, 0x0000000083700000|  0%| F|  |TAMS 0x0000000083600000, 0x0000000083600000| Untracked 
|  17|0x0000000083700000, 0x0000000083700000, 0x0000000083800000|  0%| F|  |TAMS 0x0000000083700000, 0x0000000083700000| Untracked 
|  18|0x0000000083800000, 0x0000000083800000, 0x0000000083900000|  0%| F|  |TAMS 0x0000000083800000, 0x0000000083800000| Untracked 
|  19|0x0000000083900000, 0x0000000083900000, 0x0000000083a00000|  0%| F|  |TAMS 0x0000000083900000, 0x0000000083900000| Untracked 
|  20|0x0000000083a00000, 0x0000000083a00000, 0x0000000083b00000|  0%| F|  |TAMS 0x0000000083a00000, 0x0000000083a00000| Untracked 
|  21|0x0000000083b00000, 0x0000000083b00000, 0x0000000083c00000|  0%| F|  |TAMS 0x0000000083b00000, 0x0000000083b00000| Untracked 
|  22|0x0000000083c00000, 0x0000000083c00000, 0x0000000083d00000|  0%| F|  |TAMS 0x0000000083c00000, 0x0000000083c00000| Untracked 
|  23|0x0000000083d00000, 0x0000000083d00000, 0x0000000083e00000|  0%| F|  |TAMS 0x0000000083d00000, 0x0000000083d00000| Untracked 
|  24|0x0000000083e00000, 0x0000000083e00000, 0x0000000083f00000|  0%| F|  |TAMS 0x0000000083e00000, 0x0000000083e00000| Untracked 
|  25|0x0000000083f00000, 0x0000000083f00000, 0x0000000084000000|  0%| F|  |TAMS 0x0000000083f00000, 0x0000000083f00000| Untracked 
|  26|0x0000000084000000, 0x0000000084000000, 0x0000000084100000|  0%| F|  |TAMS 0x0000000084000000, 0x0000000084000000| Untracked 
|  27|0x0000000084100000, 0x0000000084100000, 0x0000000084200000|  0%| F|  |TAMS 0x0000000084100000, 0x0000000084100000| Untracked 
|  28|0x0000000084200000, 0x0000000084200000, 0x0000000084300000|  0%| F|  |TAMS 0x0000000084200000, 0x0000000084200000| Untracked 
|  29|0x0000000084300000, 0x0000000084300000, 0x0000000084400000|  0%| F|  |TAMS 0x0000000084300000, 0x0000000084300000| Untracked 
|  30|0x0000000084400000, 0x0000000084400000, 0x0000000084500000|  0%| F|  |TAMS 0x0000000084400000, 0x0000000084400000| Untracked 
|  31|0x0000000084500000, 0x0000000084500000, 0x0000000084600000|  0%| F|  |TAMS 0x0000000084500000, 0x0000000084500000| Untracked 
|  32|0x0000000084600000, 0x0000000084600000, 0x0000000084700000|  0%| F|  |TAMS 0x0000000084600000, 0x0000000084600000| Untracked 
|  33|0x0000000084700000, 0x0000000084700000, 0x0000000084800000|  0%| F|  |TAMS 0x0000000084700000, 0x0000000084700000| Untracked 
|  34|0x0000000084800000, 0x0000000084800000, 0x0000000084900000|  0%| F|  |TAMS 0x0000000084800000, 0x0000000084800000| Untracked 
|  35|0x0000000084900000, 0x0000000084900000, 0x0000000084a00000|  0%| F|  |TAMS 0x0000000084900000, 0x0000000084900000| Untracked 
|  36|0x0000000084a00000, 0x0000000084a00000, 0x0000000084b00000|  0%| F|  |TAMS 0x0000000084a00000, 0x0000000084a00000| Untracked 
|  37|0x0000000084b00000, 0x0000000084b00000, 0x0000000084c00000|  0%| F|  |TAMS 0x0000000084b00000, 0x0000000084b00000| Untracked 
|  38|0x0000000084c00000, 0x0000000084c00000, 0x0000000084d00000|  0%| F|  |TAMS 0x0000000084c00000, 0x0000000084c00000| Untracked 
|  39|0x0000000084d00000, 0x0000000084d00000, 0x0000000084e00000|  0%| F|  |TAMS 0x0000000084d00000, 0x0000000084d00000| Untracked 
|  40|0x0000000084e00000, 0x0000000084e00000, 0x0000000084f00000|  0%| F|  |TAMS 0x0000000084e00000, 0x0000000084e00000| Untracked 
|  41|0x0000000084f00000, 0x0000000084f00000, 0x0000000085000000|  0%| F|  |TAMS 0x0000000084f00000, 0x0000000084f00000| Untracked 
|  42|0x0000000085000000, 0x0000000085000000, 0x0000000085100000|  0%| F|  |TAMS 0x0000000085000000, 0x0000000085000000| Untracked 
|  43|0x0000000085100000, 0x0000000085100000, 0x0000000085200000|  0%| F|  |TAMS 0x0000000085100000, 0x0000000085100000| Untracked 
|  44|0x0000000085200000, 0x0000000085200000, 0x0000000085300000|  0%| F|  |TAMS 0x0000000085200000, 0x0000000085200000| Untracked 
|  45|0x0000000085300000, 0x0000000085300000, 0x0000000085400000|  0%| F|  |TAMS 0x0000000085300000, 0x0000000085300000| Untracked 
|  46|0x0000000085400000, 0x0000000085400000, 0x0000000085500000|  0%| F|  |TAMS 0x0000000085400000, 0x0000000085400000| Untracked 
|  47|0x0000000085500000, 0x0000000085500000, 0x0000000085600000|  0%| F|  |TAMS 0x0000000085500000, 0x0000000085500000| Untracked 
|  48|0x0000000085600000, 0x0000000085600000, 0x0000000085700000|  0%| F|  |TAMS 0x0000000085600000, 0x0000000085600000| Untracked 
|  49|0x0000000085700000, 0x0000000085700000, 0x0000000085800000|  0%| F|  |TAMS 0x0000000085700000, 0x0000000085700000| Untracked 
|  50|0x0000000085800000, 0x0000000085800000, 0x0000000085900000|  0%| F|  |TAMS 0x0000000085800000, 0x0000000085800000| Untracked 
|  51|0x0000000085900000, 0x0000000085900000, 0x0000000085a00000|  0%| F|  |TAMS 0x0000000085900000, 0x0000000085900000| Untracked 
|  52|0x0000000085a00000, 0x0000000085a00000, 0x0000000085b00000|  0%| F|  |TAMS 0x0000000085a00000, 0x0000000085a00000| Untracked 
|  53|0x0000000085b00000, 0x0000000085b00000, 0x0000000085c00000|  0%| F|  |TAMS 0x0000000085b00000, 0x0000000085b00000| Untracked 
|  54|0x0000000085c00000, 0x0000000085c00000, 0x0000000085d00000|  0%| F|  |TAMS 0x0000000085c00000, 0x0000000085c00000| Untracked 
|  55|0x0000000085d00000, 0x0000000085d00000, 0x0000000085e00000|  0%| F|  |TAMS 0x0000000085d00000, 0x0000000085d00000| Untracked 
|  56|0x0000000085e00000, 0x0000000085e00000, 0x0000000085f00000|  0%| F|  |TAMS 0x0000000085e00000, 0x0000000085e00000| Untracked 
|  57|0x0000000085f00000, 0x0000000085f00000, 0x0000000086000000|  0%| F|  |TAMS 0x0000000085f00000, 0x0000000085f00000| Untracked 
|  58|0x0000000086000000, 0x0000000086000000, 0x0000000086100000|  0%| F|  |TAMS 0x0000000086000000, 0x0000000086000000| Untracked 
|  59|0x0000000086100000, 0x0000000086100000, 0x0000000086200000|  0%| F|  |TAMS 0x0000000086100000, 0x0000000086100000| Untracked 
|  60|0x0000000086200000, 0x0000000086200000, 0x0000000086300000|  0%| F|  |TAMS 0x0000000086200000, 0x0000000086200000| Untracked 
|  61|0x0000000086300000, 0x0000000086300000, 0x0000000086400000|  0%| F|  |TAMS 0x0000000086300000, 0x0000000086300000| Untracked 
|  62|0x0000000086400000, 0x0000000086400000, 0x0000000086500000|  0%| F|  |TAMS 0x0000000086400000, 0x0000000086400000| Untracked 
|  63|0x0000000086500000, 0x0000000086500000, 0x0000000086600000|  0%| F|  |TAMS 0x0000000086500000, 0x0000000086500000| Untracked 
|  64|0x0000000086600000, 0x0000000086600000, 0x0000000086700000|  0%| F|  |TAMS 0x0000000086600000, 0x0000000086600000| Untracked 
|  65|0x0000000086700000, 0x0000000086700000, 0x0000000086800000|  0%| F|  |TAMS 0x0000000086700000, 0x0000000086700000| Untracked 
|  66|0x0000000086800000, 0x0000000086800000, 0x0000000086900000|  0%| F|  |TAMS 0x0000000086800000, 0x0000000086800000| Untracked 
|  67|0x0000000086900000, 0x0000000086900000, 0x0000000086a00000|  0%| F|  |TAMS 0x0000000086900000, 0x0000000086900000| Untracked 
|  68|0x0000000086a00000, 0x0000000086a00000, 0x0000000086b00000|  0%| F|  |TAMS 0x0000000086a00000, 0x0000000086a00000| Untracked 
|  69|0x0000000086b00000, 0x0000000086b00000, 0x0000000086c00000|  0%| F|  |TAMS 0x0000000086b00000, 0x0000000086b00000| Untracked 
|  70|0x0000000086c00000, 0x0000000086c00000, 0x0000000086d00000|  0%| F|  |TAMS 0x0000000086c00000, 0x0000000086c00000| Untracked 
|  71|0x0000000086d00000, 0x0000000086d00000, 0x0000000086e00000|  0%| F|  |TAMS 0x0000000086d00000, 0x0000000086d00000| Untracked 
|  72|0x0000000086e00000, 0x0000000086e00000, 0x0000000086f00000|  0%| F|  |TAMS 0x0000000086e00000, 0x0000000086e00000| Untracked 
|  73|0x0000000086f00000, 0x0000000086f00000, 0x0000000087000000|  0%| F|  |TAMS 0x0000000086f00000, 0x0000000086f00000| Untracked 
|  74|0x0000000087000000, 0x0000000087000000, 0x0000000087100000|  0%| F|  |TAMS 0x0000000087000000, 0x0000000087000000| Untracked 
|  75|0x0000000087100000, 0x0000000087100000, 0x0000000087200000|  0%| F|  |TAMS 0x0000000087100000, 0x0000000087100000| Untracked 
|  76|0x0000000087200000, 0x0000000087200000, 0x0000000087300000|  0%| F|  |TAMS 0x0000000087200000, 0x0000000087200000| Untracked 
|  77|0x0000000087300000, 0x0000000087300000, 0x0000000087400000|  0%| F|  |TAMS 0x0000000087300000, 0x0000000087300000| Untracked 
|  78|0x0000000087400000, 0x0000000087400000, 0x0000000087500000|  0%| F|  |TAMS 0x0000000087400000, 0x0000000087400000| Untracked 
|  79|0x0000000087500000, 0x0000000087500000, 0x0000000087600000|  0%| F|  |TAMS 0x0000000087500000, 0x0000000087500000| Untracked 
|  80|0x0000000087600000, 0x0000000087600000, 0x0000000087700000|  0%| F|  |TAMS 0x0000000087600000, 0x0000000087600000| Untracked 
|  81|0x0000000087700000, 0x0000000087700000, 0x0000000087800000|  0%| F|  |TAMS 0x0000000087700000, 0x0000000087700000| Untracked 
|  82|0x0000000087800000, 0x0000000087800000, 0x0000000087900000|  0%| F|  |TAMS 0x0000000087800000, 0x0000000087800000| Untracked 
|  83|0x0000000087900000, 0x0000000087900000, 0x0000000087a00000|  0%| F|  |TAMS 0x0000000087900000, 0x0000000087900000| Untracked 
|  84|0x0000000087a00000, 0x0000000087a00000, 0x0000000087b00000|  0%| F|  |TAMS 0x0000000087a00000, 0x0000000087a00000| Untracked 
|  85|0x0000000087b00000, 0x0000000087b00000, 0x0000000087c00000|  0%| F|  |TAMS 0x0000000087b00000, 0x0000000087b00000| Untracked 
|  86|0x0000000087c00000, 0x0000000087c00000, 0x0000000087d00000|  0%| F|  |TAMS 0x0000000087c00000, 0x0000000087c00000| Untracked 
|  87|0x0000000087d00000, 0x0000000087d00000, 0x0000000087e00000|  0%| F|  |TAMS 0x0000000087d00000, 0x0000000087d00000| Untracked 
|  88|0x0000000087e00000, 0x0000000087e00000, 0x0000000087f00000|  0%| F|  |TAMS 0x0000000087e00000, 0x0000000087e00000| Untracked 
|  89|0x0000000087f00000, 0x0000000087f00000, 0x0000000088000000|  0%| F|  |TAMS 0x0000000087f00000, 0x0000000087f00000| Untracked 
|  90|0x0000000088000000, 0x0000000088000000, 0x0000000088100000|  0%| F|  |TAMS 0x0000000088000000, 0x0000000088000000| Untracked 
|  91|0x0000000088100000, 0x0000000088100000, 0x0000000088200000|  0%| F|  |TAMS 0x0000000088100000, 0x0000000088100000| Untracked 
|  92|0x0000000088200000, 0x0000000088200000, 0x0000000088300000|  0%| F|  |TAMS 0x0000000088200000, 0x0000000088200000| Untracked 
|  93|0x0000000088300000, 0x0000000088300000, 0x0000000088400000|  0%| F|  |TAMS 0x0000000088300000, 0x0000000088300000| Untracked 
|  94|0x0000000088400000, 0x0000000088400000, 0x0000000088500000|  0%| F|  |TAMS 0x0000000088400000, 0x0000000088400000| Untracked 
|  95|0x0000000088500000, 0x0000000088500000, 0x0000000088600000|  0%| F|  |TAMS 0x0000000088500000, 0x0000000088500000| Untracked 
|  96|0x0000000088600000, 0x0000000088600000, 0x0000000088700000|  0%| F|  |TAMS 0x0000000088600000, 0x0000000088600000| Untracked 
|  97|0x0000000088700000, 0x0000000088700000, 0x0000000088800000|  0%| F|  |TAMS 0x0000000088700000, 0x0000000088700000| Untracked 
|  98|0x0000000088800000, 0x0000000088800000, 0x0000000088900000|  0%| F|  |TAMS 0x0000000088800000, 0x0000000088800000| Untracked 
|  99|0x0000000088900000, 0x0000000088900000, 0x0000000088a00000|  0%| F|  |TAMS 0x0000000088900000, 0x0000000088900000| Untracked 
| 100|0x0000000088a00000, 0x0000000088b00000, 0x0000000088b00000|100%| S|CS|TAMS 0x0000000088a00000, 0x0000000088a00000| Complete 
| 101|0x0000000088b00000, 0x0000000088c00000, 0x0000000088c00000|100%| S|CS|TAMS 0x0000000088b00000, 0x0000000088b00000| Complete 
| 102|0x0000000088c00000, 0x0000000088d00000, 0x0000000088d00000|100%| S|CS|TAMS 0x0000000088c00000, 0x0000000088c00000| Complete 
| 103|0x0000000088d00000, 0x0000000088d00000, 0x0000000088e00000|  0%| F|  |TAMS 0x0000000088d00000, 0x0000000088d00000| Untracked 
| 104|0x0000000088e00000, 0x0000000088e00000, 0x0000000088f00000|  0%| F|  |TAMS 0x0000000088e00000, 0x0000000088e00000| Untracked 
| 105|0x0000000088f00000, 0x0000000088f00000, 0x0000000089000000|  0%| F|  |TAMS 0x0000000088f00000, 0x0000000088f00000| Untracked 
| 106|0x0000000089000000, 0x0000000089000000, 0x0000000089100000|  0%| F|  |TAMS 0x0000000089000000, 0x0000000089000000| Untracked 
| 107|0x0000000089100000, 0x0000000089100000, 0x0000000089200000|  0%| F|  |TAMS 0x0000000089100000, 0x0000000089100000| Untracked 
| 108|0x0000000089200000, 0x0000000089200000, 0x0000000089300000|  0%| F|  |TAMS 0x0000000089200000, 0x0000000089200000| Untracked 
| 109|0x0000000089300000, 0x0000000089300000, 0x0000000089400000|  0%| F|  |TAMS 0x0000000089300000, 0x0000000089300000| Untracked 
| 110|0x0000000089400000, 0x0000000089400000, 0x0000000089500000|  0%| F|  |TAMS 0x0000000089400000, 0x0000000089400000| Untracked 
| 111|0x0000000089500000, 0x0000000089500000, 0x0000000089600000|  0%| F|  |TAMS 0x0000000089500000, 0x0000000089500000| Untracked 
| 112|0x0000000089600000, 0x0000000089600000, 0x0000000089700000|  0%| F|  |TAMS 0x0000000089600000, 0x0000000089600000| Untracked 
| 113|0x0000000089700000, 0x0000000089700000, 0x0000000089800000|  0%| F|  |TAMS 0x0000000089700000, 0x0000000089700000| Untracked 
| 114|0x0000000089800000, 0x0000000089800000, 0x0000000089900000|  0%| F|  |TAMS 0x0000000089800000, 0x0000000089800000| Untracked 
| 115|0x0000000089900000, 0x0000000089924af8, 0x0000000089a00000| 14%| E|  |TAMS 0x0000000089900000, 0x0000000089900000| Complete 
| 116|0x0000000089a00000, 0x0000000089b00000, 0x0000000089b00000|100%| E|CS|TAMS 0x0000000089a00000, 0x0000000089a00000| Complete 
| 117|0x0000000089b00000, 0x0000000089c00000, 0x0000000089c00000|100%| E|CS|TAMS 0x0000000089b00000, 0x0000000089b00000| Complete 
| 118|0x0000000089c00000, 0x0000000089d00000, 0x0000000089d00000|100%| E|CS|TAMS 0x0000000089c00000, 0x0000000089c00000| Complete 
| 119|0x0000000089d00000, 0x0000000089e00000, 0x0000000089e00000|100%| E|  |TAMS 0x0000000089d00000, 0x0000000089d00000| Complete 
| 120|0x0000000089e00000, 0x0000000089f00000, 0x0000000089f00000|100%| E|CS|TAMS 0x0000000089e00000, 0x0000000089e00000| Complete 
| 121|0x0000000089f00000, 0x000000008a000000, 0x000000008a000000|100%| E|CS|TAMS 0x0000000089f00000, 0x0000000089f00000| Complete 
| 122|0x000000008a000000, 0x000000008a100000, 0x000000008a100000|100%| E|CS|TAMS 0x000000008a000000, 0x000000008a000000| Complete 
| 123|0x000000008a100000, 0x000000008a200000, 0x000000008a200000|100%| E|CS|TAMS 0x000000008a100000, 0x000000008a100000| Complete 
| 124|0x000000008a200000, 0x000000008a300000, 0x000000008a300000|100%| E|CS|TAMS 0x000000008a200000, 0x000000008a200000| Complete 
| 125|0x000000008a300000, 0x000000008a400000, 0x000000008a400000|100%| E|CS|TAMS 0x000000008a300000, 0x000000008a300000| Complete 

Card table byte_map: [0x0000027c1c740000,0x0000027c1cb30000] _byte_map_base: 0x0000027c1c32d000

Marking Bits (Prev, Next): (CMBitMap*) 0x0000027c093805e8, (CMBitMap*) 0x0000027c09380628
 Prev Bits: [0x0000027c1cf20000, 0x0000027c1ee88000)
 Next Bits: [0x0000027c1ee90000, 0x0000027c20df8000)

Polling page: 0x0000027c07220000

Metaspace:

Usage:
  Non-class:     11.89 MB capacity,    11.78 MB (>99%) used,    96.34 KB ( <1%) free+waste,    15.63 KB ( <1%) overhead. 
      Class:      1.30 MB capacity,     1.24 MB ( 96%) used,    52.66 KB (  4%) free+waste,     6.44 KB ( <1%) overhead. 
       Both:     13.19 MB capacity,    13.02 MB ( 99%) used,   149.00 KB (  1%) free+waste,    22.06 KB ( <1%) overhead. 

Virtual space:
  Non-class space:       12.00 MB reserved,      12.00 MB (100%) committed 
      Class space:        1.00 GB reserved,       1.38 MB ( <1%) committed 
             Both:        1.01 GB reserved,      13.38 MB (  1%) committed 

Chunk freelists:
   Non-Class:  52.00 KB
       Class:  13.00 KB
        Both:  65.00 KB

MaxMetaspaceSize: 17179869184.00 GB
CompressedClassSpaceSize: 1.00 GB

CodeHeap 'non-profiled nmethods': size=120000Kb used=245Kb max_used=263Kb free=119754Kb
 bounds [0x0000027c14ae0000, 0x0000027c14d50000, 0x0000027c1c010000]
CodeHeap 'profiled nmethods': size=120000Kb used=1064Kb max_used=1217Kb free=118935Kb
 bounds [0x0000027c0d5b0000, 0x0000027c0d820000, 0x0000027c14ae0000]
CodeHeap 'non-nmethods': size=5760Kb used=1348Kb max_used=1365Kb free=4411Kb
 bounds [0x0000027c0d010000, 0x0000027c0d280000, 0x0000027c0d5b0000]
 total_blobs=1213 nmethods=666 adapters=460
 compilation: enabled
              stopped_count=0, restarted_count=0
 full_count=0

Compilation events (20 events):
Event: 981.154 Thread 0x0000027c240d8000  747       4       org.eclipse.jdt.launching.internal.org.objectweb.asm.ClassReader::readUtf (44 bytes)
Event: 981.173 Thread 0x0000027c240d8000 

Event: 981.173 Thread 0x0000027c240d8000  748       4       org.eclipse.jdt.launching.internal.org.objectweb.asm.ClassReader::readUtf (161 bytes)
Event: 981.183 Thread 0x0000027c240d8000 nmethod 748 0x0000027c14aed810 code [0x0000027c14aeda60, 0x0000027c14aee7b8]
Event: 1040.731 Thread 0x0000027c240d8000  749       4       org.eclipse.jdt.launching.internal.org.objectweb.asm.ClassReader::readUtf (44 bytes)
Event: 1040.736 Thread 0x0000027c240d8000 

Event: 1112.047 Thread 0x0000027c240d8000  750       4       org.eclipse.jdt.launching.internal.org.objectweb.asm.ClassReader::readUTF8 (23 bytes)
Event: 1112.051 Thread 0x0000027c240d8000 

Event: 1137.604 Thread 0x0000027c240d8000  751       4       org.eclipse.jdt.launching.internal.org.objectweb.asm.ClassReader::readUtf (44 bytes)
Event: 1137.608 Thread 0x0000027c240d8000 

Event: 1186.487 Thread 0x0000027c240d8000  752       4       org.eclipse.jdt.launching.internal.org.objectweb.asm.ClassReader::readUTF8 (23 bytes)
Event: 1186.496 Thread 0x0000027c240d8000 

Event: 1221.518 Thread 0x0000027c240d8000  753       4       org.eclipse.jdt.launching.internal.org.objectweb.asm.ClassReader::readUtf (44 bytes)
Event: 1221.523 Thread 0x0000027c240d8000 

Event: 1344.903 Thread 0x0000027c240d8000  754       4       org.eclipse.jdt.launching.internal.org.objectweb.asm.ClassReader::readUtf (44 bytes)
Event: 1344.907 Thread 0x0000027c240d8000 

Event: 1344.908 Thread 0x0000027c240d8000  755       4       org.eclipse.jdt.launching.internal.org.objectweb.asm.ClassReader::readUTF8 (23 bytes)
Event: 1344.914 Thread 0x0000027c240d8000 nmethod 755 0x0000027c14b1c190 code [0x0000027c14b1c3c0, 0x0000027c14b1c948]
Event: 1385.462 Thread 0x0000027c240e4800  756       3       java.lang.invoke.MethodHandles$Lookup::lookupClassOrNull (27 bytes)
Event: 1385.462 Thread 0x0000027c240e4800 nmethod 756 0x0000027c0d5c6d90 code [0x0000027c0d5c6f20, 0x0000027c0d5c70d8]

GC Heap History (2 events):
Event: 0.539 GC heap before
{Heap before GC invocations=0 (full 0):
 garbage-first heap   total 129024K, used 22528K [0x0000000082600000, 0x0000000100000000)
  region size 1024K, 23 young (23552K), 0 survivors (0K)
 Metaspace       used 12531K, capacity 12764K, committed 13056K, reserved 1060864K
  class space    used 1157K, capacity 1234K, committed 1280K, reserved 1048576K
}
Event: 0.554 GC heap after
{Heap after GC invocations=1 (full 0):
 garbage-first heap   total 129024K, used 14128K [0x0000000082600000, 0x0000000100000000)
  region size 1024K, 3 young (3072K), 3 survivors (3072K)
 Metaspace       used 12531K, capacity 12764K, committed 13056K, reserved 1060864K
  class space    used 1157K, capacity 1234K, committed 1280K, reserved 1048576K
}

Deoptimization events (20 events):
Event: 0.608 Thread 0x0000027c0933c800 DEOPT PACKING pc=0x0000027c0d6d53ca sp=0x000000ba87ffeb70
Event: 0.608 Thread 0x0000027c0933c800 DEOPT UNPACKING pc=0x0000027c0d05964e sp=0x000000ba87ffdfe0 mode 0
Event: 0.609 Thread 0x0000027c0933c800 DEOPT PACKING pc=0x0000027c0d6d53ca sp=0x000000ba87ffeb70
Event: 0.609 Thread 0x0000027c0933c800 DEOPT UNPACKING pc=0x0000027c0d05964e sp=0x000000ba87ffdfe0 mode 0
Event: 0.609 Thread 0x0000027c0933c800 DEOPT PACKING pc=0x0000027c0d6d53ca sp=0x000000ba87ffeb70
Event: 0.609 Thread 0x0000027c0933c800 DEOPT UNPACKING pc=0x0000027c0d05964e sp=0x000000ba87ffdfe0 mode 0
Event: 0.609 Thread 0x0000027c0933c800 DEOPT PACKING pc=0x0000027c0d6d53ca sp=0x000000ba87ffeb70
Event: 0.609 Thread 0x0000027c0933c800 DEOPT UNPACKING pc=0x0000027c0d05964e sp=0x000000ba87ffdfe0 mode 0
Event: 0.609 Thread 0x0000027c0933c800 DEOPT PACKING pc=0x0000027c0d6d53ca sp=0x000000ba87ffeb70
Event: 0.609 Thread 0x0000027c0933c800 DEOPT UNPACKING pc=0x0000027c0d05964e sp=0x000000ba87ffdfe0 mode 0
Event: 0.609 Thread 0x0000027c0933c800 DEOPT PACKING pc=0x0000027c0d6d53ca sp=0x000000ba87ffeb70
Event: 0.609 Thread 0x0000027c0933c800 DEOPT UNPACKING pc=0x0000027c0d05964e sp=0x000000ba87ffdfe0 mode 0
Event: 0.609 Thread 0x0000027c0933c800 DEOPT PACKING pc=0x0000027c0d6d53ca sp=0x000000ba87ffeb70
Event: 0.609 Thread 0x0000027c0933c800 DEOPT UNPACKING pc=0x0000027c0d05964e sp=0x000000ba87ffdfe0 mode 0
Event: 14.098 Thread 0x0000027c24478800 Uncommon trap: trap_request=0xffffff45 fr.pc=0x0000027c14b1c734 relative=0x0000000000000654
Event: 14.098 Thread 0x0000027c24478800 Uncommon trap: reason=unstable_if action=reinterpret pc=0x0000027c14b1c734 method=org.eclipse.jdt.launching.internal.org.objectweb.asm.SymbolTable.addConstantUtf8(Ljava/lang/String;)I @ 13 c2
Event: 14.098 Thread 0x0000027c24478800 DEOPT PACKING pc=0x0000027c14b1c734 sp=0x000000ba890fe070
Event: 14.098 Thread 0x0000027c24478800 DEOPT UNPACKING pc=0x0000027c0d05912f sp=0x000000ba890fe030 mode 2
Event: 1254.081 Thread 0x0000027c0933c800 DEOPT PACKING pc=0x0000027c0d6d9b6c sp=0x000000ba87ffee30
Event: 1254.081 Thread 0x0000027c0933c800 DEOPT UNPACKING pc=0x0000027c0d05964e sp=0x000000ba87ffe2d0 mode 0

Classes unloaded (0 events):
No events

Classes redefined (20 events):
Event: 752.548 Thread 0x0000027c2387b800 redefined class name=TH5.texturesurf, count=7
Event: 768.095 Thread 0x0000027c2387b800 redefined class name=TH5.texturesurf, count=8
Event: 781.123 Thread 0x0000027c2387b800 redefined class name=TH5.texturesurf, count=9
Event: 795.427 Thread 0x0000027c2387b800 redefined class name=TH5.texturesurf, count=10
Event: 835.432 Thread 0x0000027c2387b800 redefined class name=TH5.texturesurf, count=11
Event: 847.574 Thread 0x0000027c2387b800 redefined class name=TH5.texturesurf, count=12
Event: 871.620 Thread 0x0000027c2387b800 redefined class name=TH5.texturesurf, count=13
Event: 969.382 Thread 0x0000027c2387b800 redefined class name=TH5.texturesurf, count=14
Event: 981.156 Thread 0x0000027c2387b800 redefined class name=TH5.texturesurf, count=15
Event: 1032.412 Thread 0x0000027c2387b800 redefined class name=TH5.texturesurf, count=16
Event: 1040.732 Thread 0x0000027c2387b800 redefined class name=TH5.texturesurf, count=17
Event: 1112.049 Thread 0x0000027c2387b800 redefined class name=TH5.texturesurf, count=18
Event: 1126.767 Thread 0x0000027c2387b800 redefined class name=TH5.texturesurf, count=19
Event: 1137.606 Thread 0x0000027c2387b800 redefined class name=TH5.texturesurf, count=20
Event: 1186.489 Thread 0x0000027c2387b800 redefined class name=TH5.texturesurf, count=21
Event: 1221.520 Thread 0x0000027c2387b800 redefined class name=TH5.texturesurf, count=22
Event: 1254.086 Thread 0x0000027c2387b800 redefined class name=TH5.texturesurf, count=23
Event: 1320.082 Thread 0x0000027c2387b800 redefined class name=TH5.texturesurf, count=24
Event: 1344.905 Thread 0x0000027c2387b800 redefined class name=TH5.texturesurf, count=25
Event: 1383.635 Thread 0x0000027c2387b800 redefined class name=TH5.texturesurf, count=26

Internal exceptions (4 events):
Event: 0.375 Thread 0x0000027c0933c800 Exception <a 'java/lang/ClassNotFoundException'{0x0000000089e4a8e0}: sun/awt/resources/spi/awtProvider> (0x0000000089e4a8e0) 
thrown [./open/src/hotspot/share/classfile/systemDictionary.cpp, line 226]
Event: 0.391 Thread 0x0000027c0933c800 Exception <a 'java/io/FileNotFoundException'{0x0000000089eaa8c8}> (0x0000000089eaa8c8) 
thrown [./open/src/hotspot/share/prims/jni.cpp, line 599]
Event: 0.395 Thread 0x0000027c0933c800 Exception <a 'java/io/FileNotFoundException'{0x0000000089ed2d58}> (0x0000000089ed2d58) 
thrown [./open/src/hotspot/share/prims/jni.cpp, line 599]
Event: 0.463 Thread 0x0000027c24b41800 Exception <a 'java/lang/NoSuchMethodError'{0x0000000089c7da58}: 'void java.lang.invoke.DirectMethodHandle$Holder.invokeSpecial(java.lang.Object, java.lang.Object)'> (0x0000000089c7da58) 
thrown [./open/src/hotspot/share/interpreter/linkResolver.cpp, line 766]

Events (20 events):
Event: 1385.516 loading class java/awt/TrayIcon done
Event: 1385.516 loading class java/awt/event/InputMethodEvent
Event: 1385.517 loading class java/awt/event/InputMethodEvent done
Event: 1385.517 loading class java/awt/event/ActionEvent
Event: 1385.517 loading class java/awt/event/ActionEvent done
Event: 1385.604 Executing VM operation: HandshakeOneThread
Event: 1385.604 Executing VM operation: HandshakeOneThread done
Event: 1385.605 loading class java/util/Collections$SynchronizedSet
Event: 1385.605 loading class java/util/Collections$SynchronizedSet done
Event: 1385.605 loading class java/util/WeakHashMap$KeyIterator
Event: 1385.605 loading class java/util/WeakHashMap$HashIterator
Event: 1385.605 loading class java/util/WeakHashMap$HashIterator done
Event: 1385.605 loading class java/util/WeakHashMap$KeyIterator done
Event: 1385.611 loading class java/util/concurrent/locks/AbstractQueuedSynchronizer$ConditionNode
Event: 1385.612 loading class java/util/concurrent/ForkJoinPool$ManagedBlocker
Event: 1385.612 loading class java/util/concurrent/ForkJoinPool$ManagedBlocker done
Event: 1385.612 loading class java/util/concurrent/locks/AbstractQueuedSynchronizer$Node
Event: 1385.612 loading class java/util/concurrent/locks/AbstractQueuedSynchronizer$Node done
Event: 1385.612 loading class java/util/concurrent/locks/AbstractQueuedSynchronizer$ConditionNode done
Event: 1385.612 loading class java/util/concurrent/ForkJoinPool


Dynamic libraries:
0x00007ff686820000 - 0x00007ff68682d000 	C:\Users\MyPC\.p2\pool\plugins\org.eclipse.justj.openjdk.hotspot.jre.full.win32.x86_64_14.0.2.v20200815-0932\jre\bin\javaw.exe
0x00007ffe3f0f0000 - 0x00007ffe3f2e5000 	C:\WINDOWS\SYSTEM32\ntdll.dll
0x00007ffe3ecc0000 - 0x00007ffe3ed7e000 	C:\WINDOWS\System32\KERNEL32.DLL
0x00007ffe3cca0000 - 0x00007ffe3cf68000 	C:\WINDOWS\System32\KERNELBASE.dll
0x00007ffe3d050000 - 0x00007ffe3d150000 	C:\WINDOWS\System32\ucrtbase.dll
0x00007ffe291f0000 - 0x00007ffe29208000 	C:\Users\MyPC\.p2\pool\plugins\org.eclipse.justj.openjdk.hotspot.jre.full.win32.x86_64_14.0.2.v20200815-0932\jre\bin\jli.dll
0x00007ffe15750000 - 0x00007ffe15765000 	C:\Users\MyPC\.p2\pool\plugins\org.eclipse.justj.openjdk.hotspot.jre.full.win32.x86_64_14.0.2.v20200815-0932\jre\bin\VCRUNTIME140.dll
0x00007ffe3dbb0000 - 0x00007ffe3dd50000 	C:\WINDOWS\System32\USER32.dll
0x00007ffe3cc70000 - 0x00007ffe3cc92000 	C:\WINDOWS\System32\win32u.dll
0x00007ffe277f0000 - 0x00007ffe27a8a000 	C:\WINDOWS\WinSxS\amd64_microsoft.windows.common-controls_6595b64144ccf1df_6.0.19041.1110_none_60b5254171f9507e\COMCTL32.dll
0x00007ffe3ee20000 - 0x00007ffe3ee4a000 	C:\WINDOWS\System32\GDI32.dll
0x00007ffe3ed80000 - 0x00007ffe3ee1e000 	C:\WINDOWS\System32\msvcrt.dll
0x00007ffe3c920000 - 0x00007ffe3ca2b000 	C:\WINDOWS\System32\gdi32full.dll
0x00007ffe3c880000 - 0x00007ffe3c91d000 	C:\WINDOWS\System32\msvcp_win.dll
0x00007ffe3e840000 - 0x00007ffe3e870000 	C:\WINDOWS\System32\IMM32.DLL
0x00007ffe05ba0000 - 0x00007ffe05c3b000 	C:\Users\MyPC\.p2\pool\plugins\org.eclipse.justj.openjdk.hotspot.jre.full.win32.x86_64_14.0.2.v20200815-0932\jre\bin\msvcp140.dll
0x00007ffdd6fb0000 - 0x00007ffdd7ace000 	C:\Users\MyPC\.p2\pool\plugins\org.eclipse.justj.openjdk.hotspot.jre.full.win32.x86_64_14.0.2.v20200815-0932\jre\bin\server\jvm.dll
0x00007ffe3d220000 - 0x00007ffe3d2ce000 	C:\WINDOWS\System32\ADVAPI32.dll
0x00007ffe3daa0000 - 0x00007ffe3db3c000 	C:\WINDOWS\System32\sechost.dll
0x00007ffe3ea40000 - 0x00007ffe3eb65000 	C:\WINDOWS\System32\RPCRT4.dll
0x00007ffe3ecb0000 - 0x00007ffe3ecb8000 	C:\WINDOWS\System32\PSAPI.DLL
0x00007ffe37400000 - 0x00007ffe37409000 	C:\WINDOWS\SYSTEM32\WSOCK32.dll
0x00007ffe2f850000 - 0x00007ffe2f85a000 	C:\WINDOWS\SYSTEM32\VERSION.dll
0x00007ffe22ca0000 - 0x00007ffe22cc7000 	C:\WINDOWS\SYSTEM32\WINMM.dll
0x00007ffe3db40000 - 0x00007ffe3dbab000 	C:\WINDOWS\System32\WS2_32.dll
0x00007ffe3a730000 - 0x00007ffe3a742000 	C:\WINDOWS\SYSTEM32\kernel.appcore.dll
0x00007ffe373f0000 - 0x00007ffe373fa000 	C:\Users\MyPC\.p2\pool\plugins\org.eclipse.justj.openjdk.hotspot.jre.full.win32.x86_64_14.0.2.v20200815-0932\jre\bin\jimage.dll
0x00007ffe2c820000 - 0x00007ffe2ca04000 	C:\WINDOWS\SYSTEM32\DBGHELP.DLL
0x00007ffe27e70000 - 0x00007ffe27e9c000 	C:\WINDOWS\SYSTEM32\dbgcore.DLL
0x00007ffe3cfc0000 - 0x00007ffe3d042000 	C:\WINDOWS\System32\bcryptPrimitives.dll
0x00007ffe11210000 - 0x00007ffe11248000 	C:\Users\MyPC\.p2\pool\plugins\org.eclipse.justj.openjdk.hotspot.jre.full.win32.x86_64_14.0.2.v20200815-0932\jre\bin\jdwp.dll
0x00007ffe1cdf0000 - 0x00007ffe1ce15000 	C:\Users\MyPC\.p2\pool\plugins\org.eclipse.justj.openjdk.hotspot.jre.full.win32.x86_64_14.0.2.v20200815-0932\jre\bin\java.dll
0x00007ffe378b0000 - 0x00007ffe378be000 	C:\Users\MyPC\.p2\pool\plugins\org.eclipse.justj.openjdk.hotspot.jre.full.win32.x86_64_14.0.2.v20200815-0932\jre\bin\instrument.dll
0x00007ffe1d0e0000 - 0x00007ffe1d0f6000 	C:\Users\MyPC\.p2\pool\plugins\org.eclipse.justj.openjdk.hotspot.jre.full.win32.x86_64_14.0.2.v20200815-0932\jre\bin\zip.dll
0x00007ffe3d2d0000 - 0x00007ffe3da14000 	C:\WINDOWS\System32\SHELL32.dll
0x00007ffe3a930000 - 0x00007ffe3b0c4000 	C:\WINDOWS\SYSTEM32\windows.storage.dll
0x00007ffe3e3d0000 - 0x00007ffe3e724000 	C:\WINDOWS\System32\combase.dll
0x00007ffe3c280000 - 0x00007ffe3c2ac000 	C:\WINDOWS\SYSTEM32\Wldp.dll
0x00007ffe3d150000 - 0x00007ffe3d1fd000 	C:\WINDOWS\System32\SHCORE.dll
0x00007ffe3e730000 - 0x00007ffe3e785000 	C:\WINDOWS\System32\shlwapi.dll
0x00007ffe3c750000 - 0x00007ffe3c76f000 	C:\WINDOWS\SYSTEM32\profapi.dll
0x00007ffe2c030000 - 0x00007ffe2c03b000 	C:\Users\MyPC\.p2\pool\plugins\org.eclipse.justj.openjdk.hotspot.jre.full.win32.x86_64_14.0.2.v20200815-0932\jre\bin\dt_socket.dll
0x00007ffe3bc80000 - 0x00007ffe3bcbb000 	C:\WINDOWS\SYSTEM32\IPHLPAPI.DLL
0x00007ffe3bfe0000 - 0x00007ffe3c04a000 	C:\WINDOWS\system32\mswsock.dll
0x00007ffe3bcd0000 - 0x00007ffe3bd9b000 	C:\WINDOWS\SYSTEM32\DNSAPI.dll
0x00007ffe3efd0000 - 0x00007ffe3efd8000 	C:\WINDOWS\System32\NSI.dll
0x00007ffe330c0000 - 0x00007ffe330ca000 	C:\Windows\System32\rasadhlp.dll
0x00007ffe2fa20000 - 0x00007ffe2fa9f000 	C:\WINDOWS\System32\fwpuclnt.dll
0x00007ffe3cb90000 - 0x00007ffe3cbb7000 	C:\WINDOWS\System32\bcrypt.dll
0x00007ffe17440000 - 0x00007ffe17459000 	C:\Users\MyPC\.p2\pool\plugins\org.eclipse.justj.openjdk.hotspot.jre.full.win32.x86_64_14.0.2.v20200815-0932\jre\bin\net.dll
0x00007ffe34fc0000 - 0x00007ffe350ca000 	C:\WINDOWS\SYSTEM32\WINHTTP.dll
0x00007ffe157f0000 - 0x00007ffe15802000 	C:\Users\MyPC\.p2\pool\plugins\org.eclipse.justj.openjdk.hotspot.jre.full.win32.x86_64_14.0.2.v20200815-0932\jre\bin\nio.dll
0x00007ffe2c1c0000 - 0x00007ffe2c1d0000 	C:\Users\MyPC\.p2\pool\plugins\org.eclipse.justj.openjdk.hotspot.jre.full.win32.x86_64_14.0.2.v20200815-0932\jre\bin\verify.dll
0x00007ffe02360000 - 0x00007ffe024f8000 	C:\Users\MyPC\.p2\pool\plugins\org.eclipse.justj.openjdk.hotspot.jre.full.win32.x86_64_14.0.2.v20200815-0932\jre\bin\awt.dll
0x00007ffe3efe0000 - 0x00007ffe3f0ad000 	C:\WINDOWS\System32\OLEAUT32.dll
0x00007ffe3a070000 - 0x00007ffe3a100000 	C:\WINDOWS\SYSTEM32\apphelp.dll
0x00007ffe3a440000 - 0x00007ffe3a46f000 	C:\WINDOWS\system32\DWMAPI.DLL
0x00007ffe3a1b0000 - 0x00007ffe3a24e000 	C:\WINDOWS\system32\uxtheme.dll
0x00007ffe11ae0000 - 0x00007ffe11c06000 	C:\WINDOWS\system32\opengl32.dll
0x00007ffe13000000 - 0x00007ffe1302c000 	C:\WINDOWS\SYSTEM32\GLU32.dll
0x00007ffe02bb0000 - 0x00007ffe02ce8000 	C:\ProgramData\A-Volute\A-Volute.Nahimic\Modules\Scheduled\x64\AudioDevProps2.dll
0x00007ffe3eb80000 - 0x00007ffe3ecaa000 	C:\WINDOWS\System32\ole32.dll
0x00007ffe3ee50000 - 0x00007ffe3ef65000 	C:\WINDOWS\System32\MSCTF.dll

dbghelp: loaded successfully - version: 4.0.5 - missing functions: none
symbol engine: initialized successfully - sym options: 0x614 - pdb path: .;C:\Users\MyPC\.p2\pool\plugins\org.eclipse.justj.openjdk.hotspot.jre.full.win32.x86_64_14.0.2.v20200815-0932\jre\bin;C:\WINDOWS\SYSTEM32;C:\WINDOWS\WinSxS\amd64_microsoft.windows.common-controls_6595b64144ccf1df_6.0.19041.1110_none_60b5254171f9507e;C:\Users\MyPC\.p2\pool\plugins\org.eclipse.justj.openjdk.hotspot.jre.full.win32.x86_64_14.0.2.v20200815-0932\jre\bin\server;C:\ProgramData\A-Volute\A-Volute.Nahimic\Modules\Scheduled\x64

VM Arguments:
jvm_args: -XX:+ShowCodeDetailsInExceptionMessages -agentlib:jdwp=transport=dt_socket,suspend=y,address=localhost:51740 -javaagent:C:\Users\MyPC\eclipse\java-2020-09\eclipse\configuration\org.eclipse.osgi\215\0\.cp\lib\javaagent-shaded.jar -Dfile.encoding=Cp1252 
java_command: TH5.texturesurf
java_class_path (initial): D:\GraphicsComputer\bin;D:\JGL
Launcher Type: SUN_STANDARD

[Global flags]
     intx CICompilerCount                          = 4                                         {product} {ergonomic}
     uint ConcGCThreads                            = 2                                         {product} {ergonomic}
     uint G1ConcRefinementThreads                  = 8                                         {product} {ergonomic}
   size_t G1HeapRegionSize                         = 1048576                                   {product} {ergonomic}
    uintx GCDrainStackTargetSize                   = 64                                        {product} {ergonomic}
   size_t InitialHeapSize                          = 132120576                                 {product} {ergonomic}
   size_t MarkStackSize                            = 4194304                                   {product} {ergonomic}
   size_t MaxHeapSize                              = 2107637760                                {product} {ergonomic}
   size_t MaxNewSize                               = 1264582656                                {product} {ergonomic}
   size_t MinHeapDeltaBytes                        = 1048576                                   {product} {ergonomic}
   size_t MinHeapSize                              = 8388608                                   {product} {ergonomic}
    uintx NonNMethodCodeHeapSize                   = 5839372                                {pd product} {ergonomic}
    uintx NonProfiledCodeHeapSize                  = 122909434                              {pd product} {ergonomic}
    uintx ProfiledCodeHeapSize                     = 122909434                              {pd product} {ergonomic}
    uintx ReservedCodeCacheSize                    = 251658240                              {pd product} {ergonomic}
     bool SegmentedCodeCache                       = true                                      {product} {ergonomic}
     bool ShowCodeDetailsInExceptionMessages       = true                                   {manageable} {command line}
   size_t SoftMaxHeapSize                          = 2107637760                             {manageable} {ergonomic}
     bool UseCompressedClassPointers               = true                                 {lp64_product} {ergonomic}
     bool UseCompressedOops                        = true                                 {lp64_product} {ergonomic}
     bool UseG1GC                                  = true                                      {product} {ergonomic}
     bool UseLargePagesIndividualAllocation        = false                                  {pd product} {ergonomic}

Logging:
Log output configuration:
 #0: stdout all=warning uptime,level,tags
 #1: stderr all=off uptime,level,tags

Environment Variables:
PATH=C:\Users\MyPC\.p2\pool\plugins\org.eclipse.justj.openjdk.hotspot.jre.full.win32.x86_64_14.0.2.v20200815-0932\jre\bin;C:/Users/MyPC/.p2/pool/plugins/org.eclipse.justj.openjdk.hotspot.jre.full.win32.x86_64_14.0.2.v20200815-0932/jre/bin/server;C:/Users/MyPC/.p2/pool/plugins/org.eclipse.justj.openjdk.hotspot.jre.full.win32.x86_64_14.0.2.v20200815-0932/jre/bin;C:\Program Files\Microsoft MPI\Bin\;C:\Program Files\Common Files\Oracle\Java\javapath;C:\Windows\system32;C:\Windows;C:\Windows\System32\Wbem;C:\Windows\System32\WindowsPowerShell\v1.0\;C:\Windows\System32\OpenSSH\;C:\Program Files (x86)\NVIDIA Corporation\PhysX\Common;C:\Program Files\dotnet\;C:\Program Files\Microsoft SQL Server\130\Tools\Binn\;C:\Program Files\Microsoft SQL Server\Client SDK\ODBC\170\Tools\Binn\;C:\WINDOWS\system32;C:\WINDOWS;C:\WINDOWS\System32\Wbem;C:\WINDOWS\System32\WindowsPowerShell\v1.0\;C:\WINDOWS\System32\OpenSSH\;C:\Program Files (x86)\Microsoft SQL Server\150\Tools\Binn\;C:\Program Files\Microsoft SQL Server\150\Tools\Binn\;C:\Program Files\Microsoft SQL Server\150\DTS\Binn\;C:\Program Files\Azure Data Studio\bin;C:\Program Files\Microsoft VS Code\bin;C:\Program Files\nodejs\;C:\Users\MyPC\AppData\Local\Microsoft\WindowsApps;C:\Users\MyPC\.dotnet\tools;;C:\Program Files\Azure Data Studio\bin;C:\Users\MyPC\AppData\Roaming\npm;C:\WINDOWS\system32;
USERNAME=MyPC
OS=Windows_NT
PROCESSOR_IDENTIFIER=Intel64 Family 6 Model 158 Stepping 13, GenuineIntel



---------------  S Y S T E M  ---------------

OS: Windows 10 , 64 bit Build 19041 (10.0.19041.1645)
OS uptime: 0 days 2:08 hours

CPU:total 8 (initial active 8) (4 cores per cpu, 2 threads per core) family 6 model 158 stepping 13, cmov, cx8, fxsr, mmx, sse, sse2, sse3, ssse3, sse4.1, sse4.2, popcnt, avx, avx2, aes, clmul, erms, 3dnowpref, lzcnt, ht, tsc, tscinvbit, bmi1, bmi2, adx, fma

Memory: 4k page, system-wide physical 8036M (975M free)
TotalPageFile size 16228M (AvailPageFile size 0M)
current process WorkingSet (physical memory assigned to process): 91M, peak: 97M
current process commit charge ("private bytes"): 215M, peak: 221M

vm_info: OpenJDK 64-Bit Server VM (14.0.2+12-46) for windows-amd64 JRE (14.0.2+12-46), built on Jul  9 2020 00:31:16 by "mach5one" with MS VC++ 15.9 (VS2017)

END.
